TN:
SF:src/index.ts
FN:46,(anonymous_4)
FN:66,(anonymous_5)
FN:67,(anonymous_6)
FN:68,(anonymous_7)
FN:69,(anonymous_8)
FN:70,(anonymous_9)
FNF:6
FNH:0
FNDA:0,(anonymous_4)
FNDA:0,(anonymous_5)
FNDA:0,(anonymous_6)
FNDA:0,(anonymous_7)
FNDA:0,(anonymous_8)
FNDA:0,(anonymous_9)
DA:4,0
DA:10,0
DA:11,0
DA:14,0
DA:15,0
DA:18,0
DA:22,0
DA:25,0
DA:33,0
DA:34,0
DA:37,0
DA:40,0
DA:43,0
DA:46,0
DA:65,0
DA:66,0
DA:67,0
DA:68,0
DA:69,0
DA:70,0
DA:74,0
DA:75,0
DA:78,0
LF:23
LH:0
BRF:0
BRH:0
end_of_record
TN:
SF:src/admin/admin-api.ts
FN:18,(anonymous_9)
FN:34,(anonymous_10)
FN:82,(anonymous_11)
FN:105,(anonymous_12)
FN:122,(anonymous_13)
FN:139,(anonymous_14)
FN:156,(anonymous_15)
FN:173,(anonymous_16)
FN:202,(anonymous_17)
FNF:9
FNH:0
FNDA:0,(anonymous_9)
FNDA:0,(anonymous_10)
FNDA:0,(anonymous_11)
FNDA:0,(anonymous_12)
FNDA:0,(anonymous_13)
FNDA:0,(anonymous_14)
FNDA:0,(anonymous_15)
FNDA:0,(anonymous_16)
FNDA:0,(anonymous_17)
DA:6,0
DA:7,0
DA:8,0
DA:9,0
DA:10,0
DA:13,0
DA:14,0
DA:15,0
DA:18,0
DA:19,0
DA:20,0
DA:21,0
DA:22,0
DA:25,0
DA:26,0
DA:27,0
DA:29,0
DA:34,0
DA:35,0
DA:36,0
DA:38,0
DA:42,0
DA:43,0
DA:46,0
DA:47,0
DA:48,0
DA:52,0
DA:58,0
DA:64,0
DA:76,0
DA:77,0
DA:82,0
DA:83,0
DA:84,0
DA:97,0
DA:99,0
DA:100,0
DA:105,0
DA:106,0
DA:108,0
DA:114,0
DA:116,0
DA:117,0
DA:122,0
DA:123,0
DA:125,0
DA:131,0
DA:133,0
DA:134,0
DA:139,0
DA:140,0
DA:142,0
DA:148,0
DA:150,0
DA:151,0
DA:156,0
DA:157,0
DA:158,0
DA:159,0
DA:161,0
DA:162,0
DA:164,0
DA:167,0
DA:168,0
DA:173,0
DA:174,0
DA:175,0
DA:176,0
DA:180,0
DA:184,0
DA:185,0
DA:188,0
DA:190,0
DA:191,0
DA:193,0
DA:196,0
DA:197,0
DA:202,0
DA:203,0
DA:204,0
DA:205,0
DA:207,0
DA:209,0
DA:210,0
DA:212,0
DA:215,0
DA:216,0
DA:220,0
LF:88
LH:0
BRDA:15,0,0,0
BRDA:15,0,1,0
BRDA:21,1,0,0
BRDA:21,1,1,0
BRDA:42,2,0,0
BRDA:42,2,1,0
BRDA:47,3,0,0
BRDA:47,3,1,0
BRDA:161,4,0,0
BRDA:161,4,1,0
BRDA:184,5,0,0
BRDA:184,5,1,0
BRDA:190,6,0,0
BRDA:190,6,1,0
BRDA:209,7,0,0
BRDA:209,7,1,0
BRF:16
BRH:0
end_of_record
TN:
SF:src/admin/admin-server.ts
FN:27,(anonymous_1)
FN:31,(anonymous_2)
FN:36,(anonymous_3)
FN:44,(anonymous_4)
FN:54,(anonymous_5)
FN:63,(anonymous_6)
FN:74,(anonymous_7)
FNF:7
FNH:0
FNDA:0,(anonymous_1)
FNDA:0,(anonymous_2)
FNDA:0,(anonymous_3)
FNDA:0,(anonymous_4)
FNDA:0,(anonymous_5)
FNDA:0,(anonymous_6)
FNDA:0,(anonymous_7)
DA:1,0
DA:2,0
DA:3,0
DA:5,0
DA:6,0
DA:8,0
DA:9,0
DA:10,0
DA:13,0
DA:18,0
DA:19,0
DA:23,0
DA:24,0
DA:27,0
DA:28,0
DA:31,0
DA:32,0
DA:36,0
DA:37,0
DA:41,0
DA:44,0
DA:45,0
DA:54,0
DA:55,0
DA:63,0
DA:64,0
DA:66,0
DA:74,0
DA:75,0
DA:76,0
DA:77,0
DA:80,0
LF:32
LH:0
BRDA:10,0,0,0
BRDA:10,0,1,0
BRDA:69,1,0,0
BRDA:69,1,1,0
BRF:4
BRH:0
end_of_record
TN:
SF:src/api/client.ts
FN:11,(anonymous_1)
FN:28,(anonymous_2)
FN:31,(anonymous_3)
FN:47,(anonymous_4)
FN:52,(anonymous_5)
FN:53,(anonymous_6)
FN:68,(anonymous_7)
FN:83,(anonymous_8)
FN:90,(anonymous_9)
FN:97,(anonymous_10)
FN:129,(anonymous_11)
FN:140,(anonymous_12)
FN:151,(anonymous_13)
FN:162,(anonymous_14)
FN:172,(anonymous_15)
FN:188,(anonymous_16)
FN:198,(anonymous_17)
FN:208,(anonymous_18)
FNF:18
FNH:0
FNDA:0,(anonymous_1)
FNDA:0,(anonymous_2)
FNDA:0,(anonymous_3)
FNDA:0,(anonymous_4)
FNDA:0,(anonymous_5)
FNDA:0,(anonymous_6)
FNDA:0,(anonymous_7)
FNDA:0,(anonymous_8)
FNDA:0,(anonymous_9)
FNDA:0,(anonymous_10)
FNDA:0,(anonymous_11)
FNDA:0,(anonymous_12)
FNDA:0,(anonymous_13)
FNDA:0,(anonymous_14)
FNDA:0,(anonymous_15)
FNDA:0,(anonymous_16)
FNDA:0,(anonymous_17)
FNDA:0,(anonymous_18)
DA:1,0
DA:2,0
DA:5,0
DA:7,0
DA:12,0
DA:13,0
DA:22,0
DA:30,0
DA:33,0
DA:36,0
DA:37,0
DA:41,0
DA:42,0
DA:45,0
DA:47,0
DA:51,0
DA:52,0
DA:54,0
DA:60,0
DA:69,0
DA:70,0
DA:71,0
DA:72,0
DA:73,0
DA:74,0
DA:75,0
DA:76,0
DA:84,0
DA:91,0
DA:98,0
DA:99,0
DA:108,0
DA:110,0
DA:117,0
DA:130,0
DA:141,0
DA:152,0
DA:163,0
DA:173,0
DA:184,0
DA:189,0
DA:199,0
DA:209,0
LF:43
LH:0
BRDA:15,0,0,0
BRDA:15,0,1,0
BRDA:36,1,0,0
BRDA:36,1,1,0
BRDA:41,2,0,0
BRDA:41,2,1,0
BRDA:56,3,0,0
BRDA:56,3,1,0
BRDA:69,4,0,0
BRDA:69,4,1,0
BRDA:69,4,2,0
BRDA:69,4,3,0
BRDA:69,4,4,0
BRDA:69,4,5,0
BRDA:69,4,6,0
BRDA:114,5,0,0
BRDA:114,5,1,0
BRF:17
BRH:0
end_of_record
TN:
SF:src/api/standardized-api-client.ts
FN:48,(anonymous_1)
FN:77,(anonymous_2)
FN:80,(anonymous_3)
FN:126,(anonymous_4)
FN:134,(anonymous_5)
FN:173,(anonymous_6)
FN:208,(anonymous_7)
FN:236,(anonymous_8)
FN:253,(anonymous_9)
FN:261,(anonymous_10)
FN:277,(anonymous_11)
FN:296,(anonymous_12)
FN:315,(anonymous_13)
FN:335,(anonymous_14)
FN:347,(anonymous_15)
FN:359,(anonymous_16)
FN:371,(anonymous_17)
FN:383,createStandardizedApiClient
FNF:18
FNH:0
FNDA:0,(anonymous_1)
FNDA:0,(anonymous_2)
FNDA:0,(anonymous_3)
FNDA:0,(anonymous_4)
FNDA:0,(anonymous_5)
FNDA:0,(anonymous_6)
FNDA:0,(anonymous_7)
FNDA:0,(anonymous_8)
FNDA:0,(anonymous_9)
FNDA:0,(anonymous_10)
FNDA:0,(anonymous_11)
FNDA:0,(anonymous_12)
FNDA:0,(anonymous_13)
FNDA:0,(anonymous_14)
FNDA:0,(anonymous_15)
FNDA:0,(anonymous_16)
FNDA:0,(anonymous_17)
FNDA:0,createStandardizedApiClient
DA:1,0
DA:2,0
DA:3,0
DA:4,0
DA:41,0
DA:43,0
DA:44,0
DA:45,0
DA:49,0
DA:62,0
DA:71,0
DA:79,0
DA:81,0
DA:84,0
DA:93,0
DA:100,0
DA:101,0
DA:104,0
DA:105,0
DA:109,0
DA:118,0
DA:124,0
DA:127,0
DA:128,0
DA:133,0
DA:135,0
DA:136,0
DA:137,0
DA:140,0
DA:150,0
DA:151,0
DA:155,0
DA:162,0
DA:171,0
DA:174,0
DA:175,0
DA:176,0
DA:179,0
DA:180,0
DA:181,0
DA:182,0
DA:185,0
DA:197,0
DA:198,0
DA:200,0
DA:208,0
DA:209,0
DA:212,0
DA:216,0
DA:217,0
DA:228,0
DA:238,0
DA:241,0
DA:244,0
DA:247,0
DA:254,0
DA:255,0
DA:262,0
DA:263,0
DA:265,0
DA:270,0
DA:278,0
DA:279,0
DA:280,0
DA:282,0
DA:283,0
DA:286,0
DA:288,0
DA:289,0
DA:305,0
DA:308,0
DA:320,0
DA:321,0
DA:322,0
DA:323,0
DA:324,0
DA:328,0
DA:329,0
DA:340,0
DA:341,0
DA:352,0
DA:353,0
DA:364,0
DA:365,0
DA:375,0
DA:376,0
DA:383,0
DA:386,0
LF:88
LH:0
BRDA:100,0,0,0
BRDA:100,0,1,0
BRDA:104,1,0,0
BRDA:104,1,1,0
BRDA:150,2,0,0
BRDA:150,2,1,0
BRDA:150,3,0,0
BRDA:150,3,1,0
BRDA:174,4,0,0
BRDA:174,4,1,0
BRDA:181,5,0,0
BRDA:181,5,1,0
BRDA:182,6,0,0
BRDA:182,6,1,0
BRDA:197,7,0,0
BRDA:197,7,1,0
BRDA:216,8,0,0
BRDA:216,8,1,0
BRDA:220,9,0,0
BRDA:220,9,1,0
BRDA:238,10,0,0
BRDA:238,10,1,0
BRDA:241,11,0,0
BRDA:241,11,1,0
BRDA:244,12,0,0
BRDA:244,12,1,0
BRDA:254,13,0,0
BRDA:254,13,1,0
BRDA:282,14,0,0
BRDA:282,14,1,0
BRDA:320,15,0,0
BRDA:320,15,1,0
BRDA:322,16,0,0
BRDA:322,16,1,0
BRF:34
BRH:0
end_of_record
TN:
SF:src/api/tenant-service-api.ts
FN:17,getTenantServices
FN:49,updateTenantService
FN:138,getServicePlanRestrictions
FN:185,recordServiceUsage
FN:266,checkServiceAccess
FNF:5
FNH:0
FNDA:0,getTenantServices
FNDA:0,updateTenantService
FNDA:0,getServicePlanRestrictions
FNDA:0,recordServiceUsage
FNDA:0,checkServiceAccess
DA:6,0
DA:7,0
DA:10,0
DA:11,0
DA:17,0
DA:18,0
DA:20,0
DA:26,0
DA:31,0
DA:35,0
DA:49,0
DA:55,0
DA:58,0
DA:65,0
DA:68,0
DA:79,0
DA:85,0
DA:92,0
DA:106,0
DA:112,0
DA:118,0
DA:125,0
DA:138,0
DA:143,0
DA:145,0
DA:153,0
DA:154,0
DA:160,0
DA:165,0
DA:171,0
DA:185,0
DA:195,0
DA:198,0
DA:206,0
DA:209,0
DA:221,0
DA:228,0
DA:242,0
DA:248,0
DA:254,0
DA:266,0
DA:267,0
DA:269,0
DA:277,0
DA:278,0
DA:282,0
DA:290,0
DA:297,0
DA:305,0
DA:310,0
LF:50
LH:0
BRDA:33,0,0,0
BRDA:33,0,1,0
BRDA:65,1,0,0
BRDA:65,1,1,0
BRDA:123,2,0,0
BRDA:123,2,1,0
BRDA:141,3,0,0
BRDA:153,4,0,0
BRDA:153,4,1,0
BRDA:169,5,0,0
BRDA:169,5,1,0
BRDA:206,6,0,0
BRDA:206,6,1,0
BRDA:214,7,0,0
BRDA:214,7,1,0
BRDA:215,8,0,0
BRDA:215,8,1,0
BRDA:216,9,0,0
BRDA:216,9,1,0
BRDA:234,10,0,0
BRDA:234,10,1,0
BRDA:235,11,0,0
BRDA:235,11,1,0
BRDA:236,12,0,0
BRDA:236,12,1,0
BRDA:252,13,0,0
BRDA:252,13,1,0
BRDA:277,14,0,0
BRDA:277,14,1,0
BRDA:308,15,0,0
BRDA:308,15,1,0
BRF:31
BRH:0
end_of_record
TN:
SF:src/api/types.ts
FNF:0
FNH:0
DA:2,0
LF:1
LH:0
BRF:0
BRH:0
end_of_record
TN:
SF:src/api/unified-client.ts
FN:51,(anonymous_0)
FN:60,(anonymous_1)
FN:78,(anonymous_2)
FN:120,(anonymous_3)
FN:148,(anonymous_4)
FN:168,(anonymous_5)
FN:199,(anonymous_6)
FN:247,(anonymous_7)
FN:296,(anonymous_8)
FN:323,(anonymous_9)
FN:332,(anonymous_10)
FN:342,(anonymous_11)
FN:353,createUnifiedClient
FNF:13
FNH:0
FNDA:0,(anonymous_0)
FNDA:0,(anonymous_1)
FNDA:0,(anonymous_2)
FNDA:0,(anonymous_3)
FNDA:0,(anonymous_4)
FNDA:0,(anonymous_5)
FNDA:0,(anonymous_6)
FNDA:0,(anonymous_7)
FNDA:0,(anonymous_8)
FNDA:0,(anonymous_9)
FNDA:0,(anonymous_10)
FNDA:0,(anonymous_11)
FNDA:0,createUnifiedClient
DA:1,0
DA:2,0
DA:46,0
DA:49,0
DA:52,0
DA:53,0
DA:61,0
DA:62,0
DA:66,0
DA:70,0
DA:84,0
DA:85,0
DA:90,0
DA:91,0
DA:98,0
DA:99,0
DA:103,0
DA:111,0
DA:113,0
DA:115,0
DA:116,0
DA:127,0
DA:129,0
DA:140,0
DA:141,0
DA:143,0
DA:144,0
DA:153,0
DA:155,0
DA:159,0
DA:160,0
DA:164,0
DA:165,0
DA:166,0
DA:168,0
DA:169,0
DA:170,0
DA:174,0
DA:178,0
DA:187,0
DA:188,0
DA:190,0
DA:191,0
DA:207,0
DA:208,0
DA:213,0
DA:214,0
DA:217,0
DA:218,0
DA:219,0
DA:220,0
DA:222,0
DA:223,0
DA:227,0
DA:228,0
DA:232,0
DA:239,0
DA:240,0
DA:242,0
DA:243,0
DA:259,0
DA:261,0
DA:284,0
DA:285,0
DA:287,0
DA:288,0
DA:303,0
DA:304,0
DA:319,0
DA:325,0
DA:333,0
DA:339,0
DA:343,0
DA:344,0
DA:345,0
DA:346,0
DA:348,0
DA:353,0
DA:354,0
LF:79
LH:0
BRDA:90,0,0,0
BRDA:90,0,1,0
BRDA:98,1,0,0
BRDA:98,1,1,0
BRDA:105,2,0,0
BRDA:105,2,1,0
BRDA:106,3,0,0
BRDA:106,3,1,0
BRDA:151,4,0,0
BRDA:159,5,0,0
BRDA:159,5,1,0
BRDA:164,6,0,0
BRDA:164,6,1,0
BRDA:164,7,0,0
BRDA:164,7,1,0
BRDA:165,8,0,0
BRDA:165,8,1,0
BRDA:169,9,0,0
BRDA:169,9,1,0
BRDA:169,10,0,0
BRDA:169,10,1,0
BRDA:213,11,0,0
BRDA:213,11,1,0
BRDA:217,12,0,0
BRDA:217,12,1,0
BRDA:217,13,0,0
BRDA:217,13,1,0
BRDA:219,14,0,0
BRDA:219,14,1,0
BRDA:222,15,0,0
BRDA:222,15,1,0
BRDA:227,16,0,0
BRDA:227,16,1,0
BRDA:234,17,0,0
BRDA:234,17,1,0
BRDA:235,18,0,0
BRDA:235,18,1,0
BRDA:272,19,0,0
BRDA:272,19,1,0
BRDA:339,20,0,0
BRDA:339,20,1,0
BRF:41
BRH:0
end_of_record
TN:
SF:src/auth/admin-middleware.ts
FN:8,(anonymous_0)
FNF:1
FNH:0
FNDA:0,(anonymous_0)
DA:2,0
DA:8,0
DA:9,0
DA:11,0
DA:13,0
DA:33,0
DA:36,0
DA:38,0
DA:39,0
DA:47,0
DA:49,0
DA:50,0
DA:58,0
DA:59,0
DA:61,0
LF:15
LH:0
BRDA:11,0,0,0
BRDA:11,0,1,0
BRDA:38,1,0,0
BRDA:38,1,1,0
BRDA:49,2,0,0
BRDA:49,2,1,0
BRDA:49,3,0,0
BRDA:49,3,1,0
BRF:8
BRH:0
end_of_record
TN:
SF:src/auth/jwt.ts
FN:14,generateToken
FN:34,verifyToken
FN:52,decodeToken
FNF:3
FNH:0
FNDA:0,generateToken
FNDA:0,verifyToken
FNDA:0,decodeToken
DA:1,0
DA:5,0
DA:6,0
DA:14,0
DA:18,0
DA:19,0
DA:22,0
DA:25,0
DA:34,0
DA:38,0
DA:40,0
DA:41,0
DA:43,0
DA:52,0
DA:53,0
DA:54,0
DA:56,0
LF:17
LH:0
BRDA:18,0,0,0
BRDA:18,0,1,0
BRDA:18,0,2,0
BRDA:19,1,0,0
BRDA:19,1,1,0
BRDA:19,1,2,0
BRDA:22,2,0,0
BRDA:22,2,1,0
BRDA:38,3,0,0
BRDA:38,3,1,0
BRDA:38,3,2,0
BRF:11
BRH:0
end_of_record
TN:
SF:src/auth/middleware.ts
FN:20,(anonymous_9)
FN:72,(anonymous_10)
FN:118,(anonymous_11)
FN:120,(anonymous_12)
FN:169,(anonymous_13)
FN:191,(anonymous_14)
FN:192,(anonymous_15)
FN:214,(anonymous_16)
FN:215,(anonymous_17)
FN:238,(anonymous_18)
FN:239,(anonymous_19)
FNF:11
FNH:0
FNDA:0,(anonymous_9)
FNDA:0,(anonymous_10)
FNDA:0,(anonymous_11)
FNDA:0,(anonymous_12)
FNDA:0,(anonymous_13)
FNDA:0,(anonymous_14)
FNDA:0,(anonymous_15)
FNDA:0,(anonymous_16)
FNDA:0,(anonymous_17)
FNDA:0,(anonymous_18)
FNDA:0,(anonymous_19)
DA:2,0
DA:3,0
DA:6,0
DA:9,0
DA:12,0
DA:20,0
DA:22,0
DA:24,0
DA:44,0
DA:47,0
DA:48,0
DA:49,0
DA:52,0
DA:53,0
DA:55,0
DA:59,0
DA:60,0
DA:64,0
DA:65,0
DA:67,0
DA:72,0
DA:74,0
DA:76,0
DA:96,0
DA:99,0
DA:100,0
DA:101,0
DA:104,0
DA:105,0
DA:107,0
DA:110,0
DA:111,0
DA:113,0
DA:118,0
DA:120,0
DA:121,0
DA:122,0
DA:126,0
DA:127,0
DA:128,0
DA:135,0
DA:136,0
DA:137,0
DA:143,0
DA:145,0
DA:147,0
DA:148,0
DA:151,0
DA:152,0
DA:158,0
DA:160,0
DA:161,0
DA:169,0
DA:171,0
DA:172,0
DA:179,0
DA:180,0
DA:181,0
DA:187,0
DA:191,0
DA:192,0
DA:194,0
DA:195,0
DA:202,0
DA:203,0
DA:209,0
DA:214,0
DA:215,0
DA:217,0
DA:218,0
DA:225,0
DA:226,0
DA:227,0
DA:233,0
DA:238,0
DA:239,0
DA:241,0
DA:242,0
DA:249,0
DA:250,0
DA:251,0
DA:257,0
LF:82
LH:0
BRDA:9,0,0,0
BRDA:9,0,1,0
BRDA:22,1,0,0
BRDA:22,1,1,0
BRDA:48,2,0,0
BRDA:48,2,1,0
BRDA:59,3,0,0
BRDA:59,3,1,0
BRDA:59,4,0,0
BRDA:59,4,1,0
BRDA:74,5,0,0
BRDA:74,5,1,0
BRDA:100,6,0,0
BRDA:100,6,1,0
BRDA:120,7,0,0
BRDA:120,7,1,0
BRDA:121,8,0,0
BRDA:121,8,1,0
BRDA:127,9,0,0
BRDA:127,9,1,0
BRDA:136,10,0,0
BRDA:136,10,1,0
BRDA:136,11,0,0
BRDA:136,11,1,0
BRDA:151,12,0,0
BRDA:151,12,1,0
BRDA:151,13,0,0
BRDA:151,13,1,0
BRDA:171,14,0,0
BRDA:171,14,1,0
BRDA:180,15,0,0
BRDA:180,15,1,0
BRDA:180,16,0,0
BRDA:180,16,1,0
BRDA:194,17,0,0
BRDA:194,17,1,0
BRDA:202,18,0,0
BRDA:202,18,1,0
BRDA:217,19,0,0
BRDA:217,19,1,0
BRDA:226,20,0,0
BRDA:226,20,1,0
BRDA:226,21,0,0
BRDA:226,21,1,0
BRDA:241,22,0,0
BRDA:241,22,1,0
BRDA:249,23,0,0
BRDA:249,23,1,0
BRDA:250,24,0,0
BRDA:250,24,1,0
BRF:50
BRH:0
end_of_record
TN:
SF:src/controllers/pages/admin-page.controller.ts
FN:15,(anonymous_1)
FN:26,(anonymous_2)
FN:44,(anonymous_3)
FN:95,(anonymous_4)
FN:151,(anonymous_5)
FN:189,(anonymous_6)
FN:222,(anonymous_7)
FN:278,(anonymous_8)
FNF:8
FNH:0
FNDA:0,(anonymous_1)
FNDA:0,(anonymous_2)
FNDA:0,(anonymous_3)
FNDA:0,(anonymous_4)
FNDA:0,(anonymous_5)
FNDA:0,(anonymous_6)
FNDA:0,(anonymous_7)
FNDA:0,(anonymous_8)
DA:2,0
DA:3,0
DA:4,0
DA:6,0
DA:11,0
DA:16,0
DA:17,0
DA:19,0
DA:20,0
DA:21,0
DA:24,0
DA:26,0
DA:36,0
DA:37,0
DA:38,0
DA:45,0
DA:46,0
DA:47,0
DA:49,0
DA:50,0
DA:51,0
DA:54,0
DA:55,0
DA:61,0
DA:64,0
DA:66,0
DA:67,0
DA:68,0
DA:72,0
DA:74,0
DA:86,0
DA:87,0
DA:88,0
DA:96,0
DA:97,0
DA:98,0
DA:99,0
DA:101,0
DA:102,0
DA:103,0
DA:106,0
DA:107,0
DA:113,0
DA:116,0
DA:117,0
DA:123,0
DA:127,0
DA:129,0
DA:137,0
DA:142,0
DA:143,0
DA:144,0
DA:152,0
DA:153,0
DA:154,0
DA:155,0
DA:157,0
DA:158,0
DA:159,0
DA:162,0
DA:163,0
DA:169,0
DA:172,0
DA:174,0
DA:180,0
DA:181,0
DA:182,0
DA:190,0
DA:191,0
DA:192,0
DA:194,0
DA:195,0
DA:196,0
DA:199,0
DA:200,0
DA:206,0
DA:209,0
DA:211,0
DA:213,0
DA:214,0
DA:215,0
DA:223,0
DA:224,0
DA:225,0
DA:227,0
DA:228,0
DA:229,0
DA:232,0
DA:233,0
DA:239,0
DA:242,0
DA:243,0
DA:244,0
DA:250,0
DA:253,0
DA:256,0
DA:258,0
DA:269,0
DA:270,0
DA:271,0
DA:279,0
DA:280,0
DA:281,0
DA:282,0
DA:284,0
DA:285,0
DA:286,0
DA:289,0
DA:290,0
DA:296,0
DA:299,0
DA:300,0
DA:301,0
DA:307,0
DA:310,0
DA:312,0
DA:317,0
DA:318,0
DA:319,0
DA:324,0
LF:120
LH:0
BRDA:19,0,0,0
BRDA:19,0,1,0
BRDA:49,1,0,0
BRDA:49,1,1,0
BRDA:54,2,0,0
BRDA:54,2,1,0
BRDA:66,3,0,0
BRDA:66,3,1,0
BRDA:72,4,0,0
BRDA:72,4,1,0
BRDA:101,5,0,0
BRDA:101,5,1,0
BRDA:106,6,0,0
BRDA:106,6,1,0
BRDA:116,7,0,0
BRDA:116,7,1,0
BRDA:127,8,0,0
BRDA:127,8,1,0
BRDA:157,9,0,0
BRDA:157,9,1,0
BRDA:162,10,0,0
BRDA:162,10,1,0
BRDA:162,11,0,0
BRDA:162,11,1,0
BRDA:194,12,0,0
BRDA:194,12,1,0
BRDA:199,13,0,0
BRDA:199,13,1,0
BRDA:227,14,0,0
BRDA:227,14,1,0
BRDA:232,15,0,0
BRDA:232,15,1,0
BRDA:232,16,0,0
BRDA:232,16,1,0
BRDA:243,17,0,0
BRDA:243,17,1,0
BRDA:256,18,0,0
BRDA:256,18,1,0
BRDA:284,19,0,0
BRDA:284,19,1,0
BRDA:289,20,0,0
BRDA:289,20,1,0
BRDA:289,21,0,0
BRDA:289,21,1,0
BRDA:300,22,0,0
BRDA:300,22,1,0
BRF:46
BRH:0
end_of_record
TN:
SF:src/controllers/pages/public-page.controller.ts
FN:15,(anonymous_1)
FNF:1
FNH:0
FNDA:0,(anonymous_1)
DA:2,0
DA:3,0
DA:4,0
DA:6,0
DA:11,0
DA:16,0
DA:17,0
DA:20,0
DA:22,0
DA:23,0
DA:29,0
DA:32,0
DA:33,0
DA:39,0
DA:44,0
DA:45,0
DA:47,0
DA:48,0
DA:49,0
DA:52,0
DA:53,0
DA:54,0
DA:58,0
DA:60,0
DA:67,0
DA:68,0
DA:69,0
DA:74,0
LF:28
LH:0
BRDA:22,0,0,0
BRDA:22,0,1,0
BRDA:32,1,0,0
BRDA:32,1,1,0
BRDA:52,2,0,0
BRDA:52,2,1,0
BRDA:58,3,0,0
BRDA:58,3,1,0
BRF:8
BRH:0
end_of_record
TN:
SF:src/controllers/response-tree/admin-response-tree.controller.ts
FN:16,(anonymous_0)
FN:25,(anonymous_1)
FN:62,(anonymous_2)
FN:99,(anonymous_3)
FN:137,(anonymous_4)
FNF:5
FNH:0
FNDA:0,(anonymous_0)
FNDA:0,(anonymous_1)
FNDA:0,(anonymous_2)
FNDA:0,(anonymous_3)
FNDA:0,(anonymous_4)
DA:2,0
DA:3,0
DA:5,0
DA:11,0
DA:17,0
DA:18,0
DA:19,0
DA:26,0
DA:27,0
DA:28,0
DA:30,0
DA:31,0
DA:38,0
DA:41,0
DA:43,0
DA:48,0
DA:49,0
DA:63,0
DA:64,0
DA:65,0
DA:67,0
DA:69,0
DA:70,0
DA:77,0
DA:80,0
DA:85,0
DA:86,0
DA:100,0
DA:101,0
DA:102,0
DA:103,0
DA:105,0
DA:107,0
DA:108,0
DA:115,0
DA:118,0
DA:123,0
DA:124,0
DA:138,0
DA:139,0
DA:140,0
DA:142,0
DA:143,0
DA:150,0
DA:154,0
DA:156,0
DA:157,0
DA:164,0
DA:167,0
DA:169,0
DA:174,0
DA:175,0
LF:52
LH:0
BRDA:28,0,0,0
BRDA:28,0,1,0
BRDA:30,1,0,0
BRDA:30,1,1,0
BRDA:48,2,0,0
BRDA:48,2,1,0
BRDA:69,3,0,0
BRDA:69,3,1,0
BRDA:85,4,0,0
BRDA:85,4,1,0
BRDA:103,5,0,0
BRDA:103,5,1,0
BRDA:107,6,0,0
BRDA:107,6,1,0
BRDA:123,7,0,0
BRDA:123,7,1,0
BRDA:142,8,0,0
BRDA:142,8,1,0
BRDA:142,9,0,0
BRDA:142,9,1,0
BRDA:156,10,0,0
BRDA:156,10,1,0
BRDA:174,11,0,0
BRDA:174,11,1,0
BRF:24
BRH:0
end_of_record
TN:
SF:src/controllers/response-tree/response-mobile-link.controller.ts
FN:14,(anonymous_0)
FN:22,(anonymous_1)
FN:70,(anonymous_2)
FN:106,(anonymous_3)
FN:143,(anonymous_4)
FNF:5
FNH:0
FNDA:0,(anonymous_0)
FNDA:0,(anonymous_1)
FNDA:0,(anonymous_2)
FNDA:0,(anonymous_3)
FNDA:0,(anonymous_4)
DA:2,0
DA:4,0
DA:10,0
DA:15,0
DA:16,0
DA:23,0
DA:24,0
DA:26,0
DA:27,0
DA:34,0
DA:37,0
DA:39,0
DA:44,0
DA:46,0
DA:47,0
DA:54,0
DA:57,0
DA:71,0
DA:72,0
DA:74,0
DA:76,0
DA:77,0
DA:84,0
DA:87,0
DA:92,0
DA:93,0
DA:107,0
DA:108,0
DA:109,0
DA:111,0
DA:113,0
DA:114,0
DA:121,0
DA:124,0
DA:129,0
DA:130,0
DA:144,0
DA:145,0
DA:148,0
DA:150,0
DA:151,0
DA:158,0
DA:162,0
DA:165,0
DA:166,0
DA:168,0
DA:169,0
LF:47
LH:0
BRDA:26,0,0,0
BRDA:26,0,1,0
BRDA:44,1,0,0
BRDA:44,1,1,0
BRDA:46,2,0,0
BRDA:46,2,1,0
BRDA:76,3,0,0
BRDA:76,3,1,0
BRDA:92,4,0,0
BRDA:92,4,1,0
BRDA:113,5,0,0
BRDA:113,5,1,0
BRDA:129,6,0,0
BRDA:129,6,1,0
BRDA:150,7,0,0
BRDA:150,7,1,0
BRDA:168,8,0,0
BRDA:168,8,1,0
BRF:18
BRH:0
end_of_record
TN:
SF:src/controllers/response-tree/response-node.controller.ts
FN:13,(anonymous_0)
FN:21,(anonymous_1)
FN:59,(anonymous_2)
FN:85,(anonymous_3)
FNF:4
FNH:0
FNDA:0,(anonymous_0)
FNDA:0,(anonymous_1)
FNDA:0,(anonymous_2)
FNDA:0,(anonymous_3)
DA:2,0
DA:3,0
DA:9,0
DA:14,0
DA:15,0
DA:22,0
DA:23,0
DA:24,0
DA:25,0
DA:27,0
DA:29,0
DA:30,0
DA:37,0
DA:40,0
DA:45,0
DA:46,0
DA:60,0
DA:61,0
DA:62,0
DA:64,0
DA:66,0
DA:71,0
DA:72,0
DA:86,0
DA:87,0
DA:88,0
DA:89,0
DA:90,0
DA:92,0
DA:93,0
DA:100,0
DA:103,0
DA:105,0
DA:110,0
DA:111,0
LF:35
LH:0
BRDA:24,0,0,0
BRDA:24,0,1,0
BRDA:29,1,0,0
BRDA:29,1,1,0
BRDA:45,2,0,0
BRDA:45,2,1,0
BRDA:62,3,0,0
BRDA:62,3,1,0
BRDA:71,4,0,0
BRDA:71,4,1,0
BRDA:89,5,0,0
BRDA:89,5,1,0
BRDA:90,6,0,0
BRDA:90,6,1,0
BRDA:92,7,0,0
BRDA:92,7,1,0
BRDA:110,8,0,0
BRDA:110,8,1,0
BRF:18
BRH:0
end_of_record
TN:
SF:src/controllers/response-tree/response-session.controller.ts
FN:14,(anonymous_0)
FN:22,(anonymous_1)
FN:63,(anonymous_2)
FN:99,(anonymous_3)
FN:163,(anonymous_4)
FNF:5
FNH:0
FNDA:0,(anonymous_0)
FNDA:0,(anonymous_1)
FNDA:0,(anonymous_2)
FNDA:0,(anonymous_3)
FNDA:0,(anonymous_4)
DA:2,0
DA:4,0
DA:10,0
DA:15,0
DA:16,0
DA:23,0
DA:24,0
DA:26,0
DA:27,0
DA:34,0
DA:37,0
DA:44,0
DA:49,0
DA:50,0
DA:64,0
DA:65,0
DA:67,0
DA:69,0
DA:70,0
DA:77,0
DA:80,0
DA:85,0
DA:86,0
DA:100,0
DA:101,0
DA:102,0
DA:104,0
DA:105,0
DA:112,0
DA:115,0
DA:121,0
DA:122,0
DA:129,0
DA:132,0
DA:137,0
DA:139,0
DA:140,0
DA:147,0
DA:150,0
DA:164,0
DA:165,0
DA:167,0
DA:169,0
DA:170,0
DA:177,0
DA:180,0
DA:185,0
DA:186,0
LF:48
LH:0
BRDA:26,0,0,0
BRDA:26,0,1,0
BRDA:26,1,0,0
BRDA:26,1,1,0
BRDA:40,2,0,0
BRDA:40,2,1,0
BRDA:41,3,0,0
BRDA:41,3,1,0
BRDA:49,4,0,0
BRDA:49,4,1,0
BRDA:69,5,0,0
BRDA:69,5,1,0
BRDA:85,6,0,0
BRDA:85,6,1,0
BRDA:104,7,0,0
BRDA:104,7,1,0
BRDA:118,8,0,0
BRDA:118,8,1,0
BRDA:121,9,0,0
BRDA:121,9,1,0
BRDA:137,10,0,0
BRDA:137,10,1,0
BRDA:139,11,0,0
BRDA:139,11,1,0
BRDA:169,12,0,0
BRDA:169,12,1,0
BRDA:185,13,0,0
BRDA:185,13,1,0
BRF:28
BRH:0
end_of_record
TN:
SF:src/controllers/response-tree/response-tree.controller.ts
FN:14,(anonymous_0)
FN:22,(anonymous_1)
FN:48,(anonymous_2)
FNF:3
FNH:0
FNDA:0,(anonymous_0)
FNDA:0,(anonymous_1)
FNDA:0,(anonymous_2)
DA:2,0
DA:3,0
DA:9,0
DA:15,0
DA:16,0
DA:23,0
DA:24,0
DA:25,0
DA:27,0
DA:29,0
DA:34,0
DA:35,0
DA:49,0
DA:50,0
DA:51,0
DA:52,0
DA:54,0
DA:56,0
DA:57,0
DA:64,0
DA:67,0
DA:72,0
DA:73,0
LF:23
LH:0
BRDA:24,0,0,0
BRDA:24,0,1,0
BRDA:24,0,2,0
BRDA:25,1,0,0
BRDA:25,1,1,0
BRDA:34,2,0,0
BRDA:34,2,1,0
BRDA:51,3,0,0
BRDA:51,3,1,0
BRDA:56,4,0,0
BRDA:56,4,1,0
BRDA:72,5,0,0
BRDA:72,5,1,0
BRF:13
BRH:0
end_of_record
TN:
SF:src/cursor-integration/cost-monitor.ts
FN:46,(anonymous_9)
FN:66,(anonymous_10)
FN:70,(anonymous_11)
FN:82,(anonymous_12)
FN:88,(anonymous_13)
FN:98,(anonymous_14)
FN:132,(anonymous_15)
FN:147,(anonymous_16)
FN:162,(anonymous_17)
FN:164,(anonymous_18)
FN:198,(anonymous_19)
FN:209,(anonymous_20)
FN:215,(anonymous_21)
FN:266,(anonymous_22)
FN:282,(anonymous_23)
FN:295,testCostMonitor
FNF:16
FNH:0
FNDA:0,(anonymous_9)
FNDA:0,(anonymous_10)
FNDA:0,(anonymous_11)
FNDA:0,(anonymous_12)
FNDA:0,(anonymous_13)
FNDA:0,(anonymous_14)
FNDA:0,(anonymous_15)
FNDA:0,(anonymous_16)
FNDA:0,(anonymous_17)
FNDA:0,(anonymous_18)
FNDA:0,(anonymous_19)
FNDA:0,(anonymous_20)
FNDA:0,(anonymous_21)
FNDA:0,(anonymous_22)
FNDA:0,(anonymous_23)
FNDA:0,testCostMonitor
DA:6,0
DA:7,0
DA:38,0
DA:40,0
DA:41,0
DA:44,0
DA:47,0
DA:48,0
DA:49,0
DA:52,0
DA:53,0
DA:55,0
DA:67,0
DA:71,0
DA:78,0
DA:83,0
DA:84,0
DA:85,0
DA:89,0
DA:90,0
DA:91,0
DA:99,0
DA:102,0
DA:103,0
DA:104,0
DA:105,0
DA:106,0
DA:108,0
DA:113,0
DA:116,0
DA:117,0
DA:121,0
DA:124,0
DA:126,0
DA:133,0
DA:134,0
DA:136,0
DA:138,0
DA:139,0
DA:140,0
DA:148,0
DA:149,0
DA:160,0
DA:161,0
DA:162,0
DA:164,0
DA:182,0
DA:183,0
DA:199,0
DA:200,0
DA:203,0
DA:204,0
DA:205,0
DA:206,0
DA:209,0
DA:210,0
DA:211,0
DA:215,0
DA:233,0
DA:234,0
DA:235,0
DA:238,0
DA:240,0
DA:241,0
DA:242,0
DA:245,0
DA:246,0
DA:249,0
DA:250,0
DA:253,0
DA:267,0
DA:268,0
DA:270,0
DA:271,0
DA:272,0
DA:273,0
DA:274,0
DA:275,0
DA:276,0
DA:277,0
DA:278,0
DA:280,0
DA:281,0
DA:282,0
DA:283,0
DA:287,0
DA:289,0
DA:296,0
DA:298,0
DA:305,0
DA:308,0
DA:311,0
DA:312,0
DA:315,0
DA:316,0
DA:319,0
DA:320,0
DA:323,0
DA:324,0
DA:325,0
DA:326,0
DA:329,0
DA:331,0
DA:335,0
LF:104
LH:0
BRDA:90,0,0,0
BRDA:90,0,1,0
BRDA:103,1,0,0
BRDA:103,1,1,0
BRDA:116,2,0,0
BRDA:116,2,1,0
BRDA:138,3,0,0
BRDA:138,3,1,0
BRDA:148,4,0,0
BRDA:148,4,1,0
BRDA:199,5,0,0
BRDA:199,5,1,0
BRDA:211,6,0,0
BRDA:211,6,1,0
BRDA:233,7,0,0
BRDA:233,7,1,0
BRDA:240,8,0,0
BRDA:240,8,1,0
BRDA:245,9,0,0
BRDA:245,9,1,0
BRDA:249,10,0,0
BRDA:249,10,1,0
BRDA:280,11,0,0
BRDA:280,11,1,0
BRF:24
BRH:0
end_of_record
TN:
SF:src/cursor-integration/dynamic-bridge.ts
FN:30,(anonymous_9)
FN:40,(anonymous_10)
FN:56,(anonymous_11)
FN:67,(anonymous_12)
FN:78,(anonymous_13)
FN:79,(anonymous_14)
FN:98,(anonymous_15)
FN:123,(anonymous_16)
FN:144,(anonymous_17)
FN:155,(anonymous_18)
FN:160,(anonymous_19)
FN:169,(anonymous_20)
FN:196,(anonymous_21)
FN:209,(anonymous_22)
FN:220,(anonymous_23)
FN:235,(anonymous_24)
FN:246,(anonymous_25)
FN:275,(anonymous_26)
FN:303,(anonymous_27)
FN:315,(anonymous_28)
FN:325,(anonymous_29)
FN:336,(anonymous_30)
FN:346,(anonymous_31)
FN:370,(anonymous_32)
FN:375,(anonymous_33)
FN:380,(anonymous_34)
FNF:26
FNH:0
FNDA:0,(anonymous_9)
FNDA:0,(anonymous_10)
FNDA:0,(anonymous_11)
FNDA:0,(anonymous_12)
FNDA:0,(anonymous_13)
FNDA:0,(anonymous_14)
FNDA:0,(anonymous_15)
FNDA:0,(anonymous_16)
FNDA:0,(anonymous_17)
FNDA:0,(anonymous_18)
FNDA:0,(anonymous_19)
FNDA:0,(anonymous_20)
FNDA:0,(anonymous_21)
FNDA:0,(anonymous_22)
FNDA:0,(anonymous_23)
FNDA:0,(anonymous_24)
FNDA:0,(anonymous_25)
FNDA:0,(anonymous_26)
FNDA:0,(anonymous_27)
FNDA:0,(anonymous_28)
FNDA:0,(anonymous_29)
FNDA:0,(anonymous_30)
FNDA:0,(anonymous_31)
FNDA:0,(anonymous_32)
FNDA:0,(anonymous_33)
FNDA:0,(anonymous_34)
DA:4,0
DA:5,0
DA:6,0
DA:7,0
DA:22,0
DA:27,0
DA:28,0
DA:31,0
DA:32,0
DA:34,0
DA:41,0
DA:44,0
DA:47,0
DA:49,0
DA:50,0
DA:57,0
DA:58,0
DA:59,0
DA:61,0
DA:68,0
DA:69,0
DA:71,0
DA:72,0
DA:79,0
DA:80,0
DA:81,0
DA:84,0
DA:85,0
DA:86,0
DA:87,0
DA:90,0
DA:99,0
DA:102,0
DA:103,0
DA:105,0
DA:106,0
DA:107,0
DA:108,0
DA:109,0
DA:113,0
DA:124,0
DA:126,0
DA:129,0
DA:131,0
DA:137,0
DA:146,0
DA:156,0
DA:158,0
DA:159,0
DA:160,0
DA:162,0
DA:170,0
DA:173,0
DA:176,0
DA:179,0
DA:182,0
DA:189,0
DA:190,0
DA:197,0
DA:198,0
DA:210,0
DA:221,0
DA:228,0
DA:229,0
DA:236,0
DA:247,0
DA:248,0
DA:249,0
DA:250,0
DA:252,0
DA:276,0
DA:304,0
DA:305,0
DA:306,0
DA:308,0
DA:316,0
DA:326,0
DA:327,0
DA:337,0
DA:347,0
DA:348,0
DA:351,0
DA:352,0
DA:353,0
DA:357,0
DA:358,0
DA:360,0
DA:366,0
DA:367,0
DA:369,0
DA:370,0
DA:371,0
DA:372,0
DA:375,0
DA:376,0
DA:377,0
DA:378,0
DA:381,0
DA:382,0
LF:99
LH:0
BRDA:57,0,0,0
BRDA:57,0,1,0
BRDA:84,1,0,0
BRDA:84,1,1,0
BRDA:107,2,0,0
BRDA:107,2,1,0
BRDA:213,3,0,0
BRDA:213,3,1,0
BRDA:229,4,0,0
BRDA:229,4,1,0
BRDA:352,5,0,0
BRDA:352,5,1,0
BRDA:366,6,0,0
BRDA:366,6,1,0
BRF:14
BRH:0
end_of_record
TN:
SF:src/cursor-integration/five-layer-guardrails.ts
FN:25,(anonymous_0)
FN:26,(anonymous_1)
FN:28,(anonymous_2)
FN:84,(anonymous_3)
FN:85,(anonymous_4)
FN:87,(anonymous_5)
FN:123,(anonymous_6)
FN:124,(anonymous_7)
FN:126,(anonymous_8)
FN:173,(anonymous_9)
FN:174,(anonymous_10)
FN:176,(anonymous_11)
FN:240,(anonymous_12)
FN:241,(anonymous_13)
FN:243,(anonymous_14)
FN:287,(anonymous_15)
FN:297,(anonymous_16)
FN:325,(anonymous_17)
FN:335,(anonymous_18)
FN:368,testFiveLayerGuardrails
FNF:20
FNH:0
FNDA:0,(anonymous_0)
FNDA:0,(anonymous_1)
FNDA:0,(anonymous_2)
FNDA:0,(anonymous_3)
FNDA:0,(anonymous_4)
FNDA:0,(anonymous_5)
FNDA:0,(anonymous_6)
FNDA:0,(anonymous_7)
FNDA:0,(anonymous_8)
FNDA:0,(anonymous_9)
FNDA:0,(anonymous_10)
FNDA:0,(anonymous_11)
FNDA:0,(anonymous_12)
FNDA:0,(anonymous_13)
FNDA:0,(anonymous_14)
FNDA:0,(anonymous_15)
FNDA:0,(anonymous_16)
FNDA:0,(anonymous_17)
FNDA:0,(anonymous_18)
FNDA:0,testFiveLayerGuardrails
DA:24,0
DA:25,0
DA:26,0
DA:29,0
DA:30,0
DA:33,0
DA:34,0
DA:35,0
DA:39,0
DA:40,0
DA:47,0
DA:48,0
DA:49,0
DA:50,0
DA:56,0
DA:57,0
DA:63,0
DA:64,0
DA:65,0
DA:66,0
DA:71,0
DA:83,0
DA:84,0
DA:85,0
DA:88,0
DA:89,0
DA:92,0
DA:93,0
DA:94,0
DA:95,0
DA:98,0
DA:99,0
DA:100,0
DA:105,0
DA:106,0
DA:107,0
DA:110,0
DA:122,0
DA:123,0
DA:124,0
DA:127,0
DA:128,0
DA:131,0
DA:133,0
DA:134,0
DA:135,0
DA:139,0
DA:140,0
DA:141,0
DA:142,0
DA:148,0
DA:149,0
DA:150,0
DA:151,0
DA:154,0
DA:155,0
DA:156,0
DA:160,0
DA:172,0
DA:173,0
DA:174,0
DA:177,0
DA:178,0
DA:181,0
DA:182,0
DA:189,0
DA:190,0
DA:191,0
DA:192,0
DA:193,0
DA:199,0
DA:200,0
DA:201,0
DA:202,0
DA:204,0
DA:205,0
DA:211,0
DA:212,0
DA:219,0
DA:220,0
DA:221,0
DA:222,0
DA:227,0
DA:239,0
DA:240,0
DA:241,0
DA:244,0
DA:245,0
DA:248,0
DA:249,0
DA:250,0
DA:254,0
DA:255,0
DA:256,0
DA:260,0
DA:261,0
DA:262,0
DA:263,0
DA:266,0
DA:267,0
DA:268,0
DA:272,0
DA:284,0
DA:288,0
DA:303,0
DA:304,0
DA:305,0
DA:307,0
DA:308,0
DA:309,0
DA:315,0
DA:316,0
DA:317,0
DA:318,0
DA:319,0
DA:320,0
DA:321,0
DA:325,0
DA:327,0
DA:336,0
DA:338,0
DA:339,0
DA:340,0
DA:342,0
DA:343,0
DA:344,0
DA:345,0
DA:347,0
DA:348,0
DA:349,0
DA:350,0
DA:353,0
DA:356,0
DA:357,0
DA:358,0
DA:359,0
DA:363,0
DA:369,0
DA:371,0
DA:374,0
DA:387,0
DA:388,0
DA:397,0
DA:398,0
DA:401,0
DA:408,0
DA:409,0
DA:418,0
DA:419,0
DA:420,0
DA:423,0
DA:433,0
DA:434,0
DA:436,0
DA:440,0
LF:155
LH:0
BRDA:33,0,0,0
BRDA:33,0,1,0
BRDA:33,1,0,0
BRDA:33,1,1,0
BRDA:39,2,0,0
BRDA:39,2,1,0
BRDA:48,3,0,0
BRDA:48,3,1,0
BRDA:56,4,0,0
BRDA:56,4,1,0
BRDA:64,5,0,0
BRDA:64,5,1,0
BRDA:92,6,0,0
BRDA:92,6,1,0
BRDA:93,7,0,0
BRDA:93,7,1,0
BRDA:98,8,0,0
BRDA:98,8,1,0
BRDA:105,9,0,0
BRDA:105,9,1,0
BRDA:131,10,0,0
BRDA:131,10,1,0
BRDA:133,11,0,0
BRDA:133,11,1,0
BRDA:133,12,0,0
BRDA:133,12,1,0
BRDA:139,13,0,0
BRDA:139,13,1,0
BRDA:139,14,0,0
BRDA:139,14,1,0
BRDA:140,15,0,0
BRDA:140,15,1,0
BRDA:148,16,0,0
BRDA:148,16,1,0
BRDA:149,17,0,0
BRDA:149,17,1,0
BRDA:154,18,0,0
BRDA:154,18,1,0
BRDA:181,19,0,0
BRDA:181,19,1,0
BRDA:191,20,0,0
BRDA:191,20,1,0
BRDA:191,21,0,0
BRDA:191,21,1,0
BRDA:199,22,0,0
BRDA:199,22,1,0
BRDA:200,23,0,0
BRDA:200,23,1,0
BRDA:200,24,0,0
BRDA:200,24,1,0
BRDA:211,25,0,0
BRDA:211,25,1,0
BRDA:211,26,0,0
BRDA:211,26,1,0
BRDA:220,27,0,0
BRDA:220,27,1,0
BRDA:248,28,0,0
BRDA:248,28,1,0
BRDA:254,29,0,0
BRDA:254,29,1,0
BRDA:254,30,0,0
BRDA:254,30,1,0
BRDA:260,31,0,0
BRDA:260,31,1,0
BRDA:261,32,0,0
BRDA:261,32,1,0
BRDA:266,33,0,0
BRDA:266,33,1,0
BRDA:297,34,0,0
BRDA:315,35,0,0
BRDA:315,35,1,0
BRDA:318,36,0,0
BRDA:318,36,1,0
BRDA:318,37,0,0
BRDA:318,37,1,0
BRDA:320,38,0,0
BRDA:320,38,1,0
BRDA:320,39,0,0
BRDA:320,39,1,0
BRDA:335,40,0,0
BRDA:339,41,0,0
BRDA:339,41,1,0
BRDA:344,42,0,0
BRDA:344,42,1,0
BRDA:347,43,0,0
BRDA:347,43,1,0
BRDA:356,44,0,0
BRDA:356,44,1,0
BRDA:397,45,0,0
BRDA:397,45,1,0
BRDA:418,46,0,0
BRDA:418,46,1,0
BRF:92
BRH:0
end_of_record
TN:
SF:src/cursor-integration/guardrails-validator.ts
FN:33,(anonymous_9)
FN:42,(anonymous_10)
FN:58,(anonymous_11)
FN:92,(anonymous_12)
FN:146,(anonymous_13)
FN:176,(anonymous_14)
FN:197,(anonymous_15)
FN:219,(anonymous_16)
FN:249,(anonymous_17)
FN:279,(anonymous_18)
FN:304,(anonymous_19)
FN:320,(anonymous_20)
FN:336,(anonymous_21)
FN:361,(anonymous_22)
FN:377,(anonymous_23)
FN:394,(anonymous_24)
FN:398,(anonymous_25)
FN:411,(anonymous_26)
FN:416,(anonymous_27)
FN:421,(anonymous_28)
FN:427,(anonymous_29)
FN:442,(anonymous_30)
FN:457,(anonymous_31)
FN:472,(anonymous_32)
FN:487,(anonymous_33)
FN:499,(anonymous_34)
FN:507,(anonymous_35)
FN:516,(anonymous_36)
FN:524,(anonymous_37)
FN:529,(anonymous_38)
FN:534,(anonymous_39)
FN:537,visit
FN:550,(anonymous_41)
FN:553,visit
FN:564,(anonymous_43)
FN:568,(anonymous_44)
FN:575,(anonymous_45)
FN:577,(anonymous_46)
FN:578,(anonymous_47)
FNF:39
FNH:0
FNDA:0,(anonymous_9)
FNDA:0,(anonymous_10)
FNDA:0,(anonymous_11)
FNDA:0,(anonymous_12)
FNDA:0,(anonymous_13)
FNDA:0,(anonymous_14)
FNDA:0,(anonymous_15)
FNDA:0,(anonymous_16)
FNDA:0,(anonymous_17)
FNDA:0,(anonymous_18)
FNDA:0,(anonymous_19)
FNDA:0,(anonymous_20)
FNDA:0,(anonymous_21)
FNDA:0,(anonymous_22)
FNDA:0,(anonymous_23)
FNDA:0,(anonymous_24)
FNDA:0,(anonymous_25)
FNDA:0,(anonymous_26)
FNDA:0,(anonymous_27)
FNDA:0,(anonymous_28)
FNDA:0,(anonymous_29)
FNDA:0,(anonymous_30)
FNDA:0,(anonymous_31)
FNDA:0,(anonymous_32)
FNDA:0,(anonymous_33)
FNDA:0,(anonymous_34)
FNDA:0,(anonymous_35)
FNDA:0,(anonymous_36)
FNDA:0,(anonymous_37)
FNDA:0,(anonymous_38)
FNDA:0,(anonymous_39)
FNDA:0,visit
FNDA:0,(anonymous_41)
FNDA:0,visit
FNDA:0,(anonymous_43)
FNDA:0,(anonymous_44)
FNDA:0,(anonymous_45)
FNDA:0,(anonymous_46)
FNDA:0,(anonymous_47)
DA:4,0
DA:28,0
DA:34,0
DA:35,0
DA:36,0
DA:43,0
DA:44,0
DA:46,0
DA:48,0
DA:55,0
DA:58,0
DA:59,0
DA:60,0
DA:62,0
DA:71,0
DA:72,0
DA:93,0
DA:95,0
DA:97,0
DA:105,0
DA:106,0
DA:109,0
DA:110,0
DA:111,0
DA:113,0
DA:124,0
DA:127,0
DA:130,0
DA:139,0
DA:147,0
DA:150,0
DA:153,0
DA:156,0
DA:159,0
DA:162,0
DA:163,0
DA:167,0
DA:169,0
DA:177,0
DA:180,0
DA:183,0
DA:186,0
DA:189,0
DA:191,0
DA:198,0
DA:200,0
DA:202,0
DA:203,0
DA:205,0
DA:206,0
DA:208,0
DA:209,0
DA:213,0
DA:215,0
DA:220,0
DA:223,0
DA:224,0
DA:225,0
DA:235,0
DA:236,0
DA:237,0
DA:246,0
DA:250,0
DA:253,0
DA:254,0
DA:265,0
DA:266,0
DA:275,0
DA:280,0
DA:283,0
DA:289,0
DA:290,0
DA:291,0
DA:301,0
DA:305,0
DA:307,0
DA:308,0
DA:317,0
DA:321,0
DA:323,0
DA:324,0
DA:333,0
DA:337,0
DA:340,0
DA:346,0
DA:347,0
DA:348,0
DA:358,0
DA:362,0
DA:364,0
DA:365,0
DA:374,0
DA:378,0
DA:380,0
DA:381,0
DA:390,0
DA:395,0
DA:398,0
DA:399,0
DA:408,0
DA:413,0
DA:418,0
DA:423,0
DA:428,0
DA:431,0
DA:439,0
DA:443,0
DA:446,0
DA:454,0
DA:458,0
DA:461,0
DA:469,0
DA:473,0
DA:475,0
DA:483,0
DA:488,0
DA:500,0
DA:508,0
DA:517,0
DA:518,0
DA:519,0
DA:520,0
DA:526,0
DA:531,0
DA:535,0
DA:538,0
DA:541,0
DA:543,0
DA:546,0
DA:547,0
DA:551,0
DA:554,0
DA:555,0
DA:557,0
DA:560,0
DA:561,0
DA:565,0
DA:567,0
DA:568,0
DA:569,0
DA:572,0
DA:577,0
DA:578,0
DA:580,0
DA:584,0
LF:145
LH:0
BRDA:134,0,0,0
BRDA:134,0,1,0
BRDA:162,1,0,0
BRDA:162,1,1,0
BRDA:200,2,0,0
BRDA:200,2,1,0
BRDA:200,2,2,0
BRDA:224,3,0,0
BRDA:224,3,1,0
BRDA:236,4,0,0
BRDA:236,4,1,0
BRDA:253,5,0,0
BRDA:253,5,1,0
BRDA:253,6,0,0
BRDA:253,6,1,0
BRDA:265,7,0,0
BRDA:265,7,1,0
BRDA:265,8,0,0
BRDA:265,8,1,0
BRDA:290,9,0,0
BRDA:290,9,1,0
BRDA:307,10,0,0
BRDA:307,10,1,0
BRDA:307,11,0,0
BRDA:307,11,1,0
BRDA:323,12,0,0
BRDA:323,12,1,0
BRDA:323,13,0,0
BRDA:323,13,1,0
BRDA:347,14,0,0
BRDA:347,14,1,0
BRDA:364,15,0,0
BRDA:364,15,1,0
BRDA:364,16,0,0
BRDA:364,16,1,0
BRDA:380,17,0,0
BRDA:380,17,1,0
BRDA:380,18,0,0
BRDA:380,18,1,0
BRDA:398,19,0,0
BRDA:398,19,1,0
BRDA:398,20,0,0
BRDA:398,20,1,0
BRDA:517,21,0,0
BRDA:517,21,1,0
BRDA:517,21,2,0
BRDA:538,22,0,0
BRDA:538,22,1,0
BRDA:538,23,0,0
BRDA:538,23,1,0
BRDA:538,23,2,0
BRDA:554,24,0,0
BRDA:554,24,1,0
BRDA:565,25,0,0
BRDA:565,25,1,0
BRDA:569,26,0,0
BRDA:569,26,1,0
BRF:57
BRH:0
end_of_record
TN:
SF:src/cursor-integration/hybrid-bridge.ts
FN:12,(anonymous_0)
FN:47,(anonymous_1)
FN:58,(anonymous_2)
FN:98,(anonymous_3)
FN:113,(anonymous_4)
FN:150,(anonymous_5)
FN:173,(anonymous_6)
FN:192,(anonymous_7)
FN:208,(anonymous_8)
FN:222,(anonymous_9)
FN:230,(anonymous_10)
FN:236,(anonymous_11)
FN:246,(anonymous_12)
FN:256,(anonymous_13)
FN:261,(anonymous_14)
FN:266,(anonymous_15)
FN:271,(anonymous_16)
FN:282,(anonymous_17)
FN:286,(anonymous_18)
FN:291,(anonymous_19)
FN:295,(anonymous_20)
FN:300,(anonymous_21)
FN:301,(anonymous_22)
FN:302,(anonymous_23)
FN:303,(anonymous_24)
FN:304,(anonymous_25)
FN:305,(anonymous_26)
FN:306,(anonymous_27)
FNF:28
FNH:0
FNDA:0,(anonymous_0)
FNDA:0,(anonymous_1)
FNDA:0,(anonymous_2)
FNDA:0,(anonymous_3)
FNDA:0,(anonymous_4)
FNDA:0,(anonymous_5)
FNDA:0,(anonymous_6)
FNDA:0,(anonymous_7)
FNDA:0,(anonymous_8)
FNDA:0,(anonymous_9)
FNDA:0,(anonymous_10)
FNDA:0,(anonymous_11)
FNDA:0,(anonymous_12)
FNDA:0,(anonymous_13)
FNDA:0,(anonymous_14)
FNDA:0,(anonymous_15)
FNDA:0,(anonymous_16)
FNDA:0,(anonymous_17)
FNDA:0,(anonymous_18)
FNDA:0,(anonymous_19)
FNDA:0,(anonymous_20)
FNDA:0,(anonymous_21)
FNDA:0,(anonymous_22)
FNDA:0,(anonymous_23)
FNDA:0,(anonymous_24)
FNDA:0,(anonymous_25)
FNDA:0,(anonymous_26)
FNDA:0,(anonymous_27)
DA:4,0
DA:5,0
DA:6,0
DA:13,0
DA:41,0
DA:48,0
DA:49,0
DA:50,0
DA:51,0
DA:59,0
DA:61,0
DA:63,0
DA:66,0
DA:69,0
DA:72,0
DA:75,0
DA:78,0
DA:80,0
DA:89,0
DA:90,0
DA:99,0
DA:106,0
DA:115,0
DA:123,0
DA:129,0
DA:139,0
DA:151,0
DA:166,0
DA:174,0
DA:176,0
DA:178,0
DA:180,0
DA:182,0
DA:184,0
DA:194,0
DA:197,0
DA:200,0
DA:202,0
DA:209,0
DA:210,0
DA:212,0
DA:223,0
DA:224,0
DA:225,0
DA:226,0
DA:231,0
DA:232,0
DA:238,0
DA:239,0
DA:240,0
DA:241,0
DA:242,0
DA:247,0
DA:248,0
DA:249,0
DA:250,0
DA:251,0
DA:257,0
DA:262,0
DA:267,0
DA:272,0
DA:283,0
DA:288,0
DA:292,0
DA:296,0
DA:300,0
DA:301,0
DA:302,0
DA:303,0
DA:304,0
DA:305,0
DA:306,0
DA:309,0
LF:73
LH:0
BRDA:176,0,0,0
BRDA:176,0,1,0
BRDA:176,0,2,0
BRDA:176,0,3,0
BRDA:223,1,0,0
BRDA:223,1,1,0
BRDA:224,2,0,0
BRDA:224,2,1,0
BRDA:225,3,0,0
BRDA:225,3,1,0
BRDA:232,4,0,0
BRDA:232,4,1,0
BRDA:238,5,0,0
BRDA:238,5,1,0
BRDA:238,6,0,0
BRDA:238,6,1,0
BRDA:239,7,0,0
BRDA:239,7,1,0
BRDA:239,8,0,0
BRDA:239,8,1,0
BRDA:240,9,0,0
BRDA:240,9,1,0
BRDA:240,10,0,0
BRDA:240,10,1,0
BRDA:241,11,0,0
BRDA:241,11,1,0
BRDA:247,12,0,0
BRDA:247,12,1,0
BRDA:247,12,2,0
BRDA:247,12,3,0
BRF:30
BRH:0
end_of_record
TN:
SF:src/cursor-integration/mcp-manager.ts
FN:40,(anonymous_9)
FN:46,(anonymous_10)
FN:55,(anonymous_11)
FN:72,(anonymous_12)
FN:100,(anonymous_13)
FN:104,(anonymous_14)
FN:111,(anonymous_15)
FN:112,(anonymous_16)
FN:116,(anonymous_17)
FN:139,(anonymous_18)
FN:147,(anonymous_19)
FN:148,(anonymous_20)
FN:192,(anonymous_21)
FN:213,(anonymous_22)
FN:232,(anonymous_23)
FN:251,(anonymous_24)
FN:286,(anonymous_25)
FN:287,(anonymous_26)
FN:290,(anonymous_27)
FN:317,(anonymous_28)
FN:337,(anonymous_29)
FN:349,(anonymous_30)
FN:359,(anonymous_31)
FN:374,(anonymous_32)
FN:383,(anonymous_33)
FN:388,(anonymous_34)
FN:393,(anonymous_35)
FN:416,testMCPManager
FN:429,(anonymous_37)
FN:433,(anonymous_38)
FN:454,(anonymous_39)
FN:459,(anonymous_40)
FNF:32
FNH:0
FNDA:0,(anonymous_9)
FNDA:0,(anonymous_10)
FNDA:0,(anonymous_11)
FNDA:0,(anonymous_12)
FNDA:0,(anonymous_13)
FNDA:0,(anonymous_14)
FNDA:0,(anonymous_15)
FNDA:0,(anonymous_16)
FNDA:0,(anonymous_17)
FNDA:0,(anonymous_18)
FNDA:0,(anonymous_19)
FNDA:0,(anonymous_20)
FNDA:0,(anonymous_21)
FNDA:0,(anonymous_22)
FNDA:0,(anonymous_23)
FNDA:0,(anonymous_24)
FNDA:0,(anonymous_25)
FNDA:0,(anonymous_26)
FNDA:0,(anonymous_27)
FNDA:0,(anonymous_28)
FNDA:0,(anonymous_29)
FNDA:0,(anonymous_30)
FNDA:0,(anonymous_31)
FNDA:0,(anonymous_32)
FNDA:0,(anonymous_33)
FNDA:0,(anonymous_34)
FNDA:0,(anonymous_35)
FNDA:0,testMCPManager
FNDA:0,(anonymous_37)
FNDA:0,(anonymous_38)
FNDA:0,(anonymous_39)
FNDA:0,(anonymous_40)
DA:6,0
DA:7,0
DA:8,0
DA:36,0
DA:41,0
DA:42,0
DA:43,0
DA:47,0
DA:48,0
DA:56,0
DA:57,0
DA:59,0
DA:66,0
DA:73,0
DA:74,0
DA:76,0
DA:77,0
DA:80,0
DA:81,0
DA:82,0
DA:85,0
DA:86,0
DA:87,0
DA:90,0
DA:92,0
DA:93,0
DA:101,0
DA:105,0
DA:112,0
DA:113,0
DA:114,0
DA:116,0
DA:117,0
DA:118,0
DA:119,0
DA:120,0
DA:123,0
DA:134,0
DA:137,0
DA:140,0
DA:141,0
DA:148,0
DA:149,0
DA:150,0
DA:151,0
DA:154,0
DA:156,0
DA:157,0
DA:158,0
DA:162,0
DA:163,0
DA:167,0
DA:168,0
DA:169,0
DA:172,0
DA:177,0
DA:178,0
DA:180,0
DA:181,0
DA:184,0
DA:185,0
DA:193,0
DA:194,0
DA:195,0
DA:196,0
DA:199,0
DA:200,0
DA:201,0
DA:202,0
DA:203,0
DA:205,0
DA:206,0
DA:214,0
DA:215,0
DA:217,0
DA:218,0
DA:219,0
DA:220,0
DA:222,0
DA:226,0
DA:233,0
DA:234,0
DA:236,0
DA:237,0
DA:238,0
DA:239,0
DA:241,0
DA:245,0
DA:252,0
DA:254,0
DA:255,0
DA:261,0
DA:263,0
DA:265,0
DA:275,0
DA:276,0
DA:287,0
DA:291,0
DA:294,0
DA:295,0
DA:296,0
DA:299,0
DA:301,0
DA:304,0
DA:305,0
DA:306,0
DA:307,0
DA:309,0
DA:310,0
DA:313,0
DA:318,0
DA:319,0
DA:322,0
DA:323,0
DA:327,0
DA:329,0
DA:332,0
DA:333,0
DA:338,0
DA:340,0
DA:341,0
DA:342,0
DA:343,0
DA:344,0
DA:350,0
DA:351,0
DA:353,0
DA:355,0
DA:361,0
DA:362,0
DA:363,0
DA:364,0
DA:365,0
DA:366,0
DA:371,0
DA:376,0
DA:377,0
DA:384,0
DA:385,0
DA:387,0
DA:388,0
DA:389,0
DA:391,0
DA:393,0
DA:394,0
DA:396,0
DA:398,0
DA:399,0
DA:400,0
DA:405,0
DA:406,0
DA:407,0
DA:408,0
DA:409,0
DA:411,0
DA:417,0
DA:420,0
DA:421,0
DA:422,0
DA:423,0
DA:426,0
DA:428,0
DA:429,0
DA:433,0
DA:440,0
DA:443,0
DA:444,0
DA:447,0
DA:448,0
DA:450,0
DA:451,0
DA:454,0
DA:455,0
DA:456,0
DA:459,0
DA:460,0
DA:461,0
DA:465,0
DA:466,0
DA:471,0
DA:472,0
LF:181
LH:0
BRDA:40,0,0,0
BRDA:40,1,0,0
BRDA:47,2,0,0
BRDA:47,2,1,0
BRDA:76,3,0,0
BRDA:76,3,1,0
BRDA:85,4,0,0
BRDA:85,4,1,0
BRDA:149,5,0,0
BRDA:149,5,1,0
BRDA:156,6,0,0
BRDA:156,6,1,0
BRDA:162,7,0,0
BRDA:162,7,1,0
BRDA:194,8,0,0
BRDA:194,8,1,0
BRDA:219,9,0,0
BRDA:219,9,1,0
BRDA:238,10,0,0
BRDA:238,10,1,0
BRDA:254,11,0,0
BRDA:254,11,1,0
BRDA:294,12,0,0
BRDA:294,12,1,0
BRDA:304,13,0,0
BRDA:304,13,1,0
BRDA:322,14,0,0
BRDA:322,14,1,0
BRDA:322,15,0,0
BRDA:322,15,1,0
BRDA:338,16,0,0
BRDA:338,16,1,0
BRDA:338,17,0,0
BRDA:338,17,1,0
BRDA:341,18,0,0
BRDA:341,18,1,0
BRDA:341,19,0,0
BRDA:341,19,1,0
BRDA:341,19,2,0
BRDA:343,20,0,0
BRDA:343,20,1,0
BRDA:353,21,0,0
BRDA:353,21,1,0
BRDA:363,22,0,0
BRDA:363,22,1,0
BRDA:366,23,0,0
BRDA:366,23,1,0
BRDA:394,24,0,0
BRDA:394,24,1,0
BRDA:395,25,0,0
BRDA:395,25,1,0
BRDA:398,26,0,0
BRDA:398,26,1,0
BRDA:421,27,0,0
BRDA:421,27,1,0
BRDA:433,28,0,0
BRDA:433,28,1,0
BRDA:450,29,0,0
BRDA:450,29,1,0
BRDA:471,30,0,0
BRDA:471,30,1,0
BRF:61
BRH:0
end_of_record
TN:
SF:src/cursor-integration/prompt-chain-optimizer.ts
FN:34,(anonymous_0)
FN:105,(anonymous_1)
FN:109,(anonymous_2)
FN:113,(anonymous_3)
FN:142,(anonymous_4)
FN:166,(anonymous_5)
FN:174,(anonymous_6)
FN:210,(anonymous_7)
FN:215,(anonymous_8)
FN:219,(anonymous_9)
FN:233,(anonymous_10)
FN:245,(anonymous_11)
FNF:12
FNH:0
FNDA:0,(anonymous_0)
FNDA:0,(anonymous_1)
FNDA:0,(anonymous_2)
FNDA:0,(anonymous_3)
FNDA:0,(anonymous_4)
FNDA:0,(anonymous_5)
FNDA:0,(anonymous_6)
FNDA:0,(anonymous_7)
FNDA:0,(anonymous_8)
FNDA:0,(anonymous_9)
FNDA:0,(anonymous_10)
FNDA:0,(anonymous_11)
DA:33,0
DA:35,0
DA:94,0
DA:95,0
DA:96,0
DA:97,0
DA:98,0
DA:99,0
DA:102,0
DA:106,0
DA:107,0
DA:109,0
DA:110,0
DA:111,0
DA:112,0
DA:113,0
DA:114,0
DA:116,0
DA:119,0
DA:120,0
DA:121,0
DA:123,0
DA:130,0
DA:131,0
DA:152,0
DA:154,0
DA:155,0
DA:156,0
DA:157,0
DA:158,0
DA:160,0
DA:161,0
DA:164,0
DA:165,0
DA:166,0
DA:167,0
DA:169,0
DA:172,0
DA:173,0
DA:174,0
DA:175,0
DA:177,0
DA:180,0
DA:187,0
DA:188,0
DA:211,0
DA:212,0
DA:216,0
DA:218,0
DA:219,0
DA:220,0
DA:222,0
DA:229,0
DA:234,0
DA:242,0
DA:249,0
DA:250,0
DA:251,0
DA:252,0
DA:253,0
DA:256,0
DA:257,0
DA:258,0
DA:259,0
DA:263,0
DA:264,0
DA:272,0
DA:283,0
DA:284,0
DA:288,0
DA:289,0
DA:290,0
DA:291,0
DA:292,0
DA:296,0
LF:75
LH:0
BRDA:94,0,0,0
BRDA:94,0,1,0
BRDA:97,1,0,0
BRDA:97,1,1,0
BRDA:145,2,0,0
BRDA:146,3,0,0
BRDA:147,4,0,0
BRDA:148,5,0,0
BRDA:149,6,0,0
BRDA:150,7,0,0
BRDA:160,8,0,0
BRDA:160,8,1,0
BRDA:164,9,0,0
BRDA:164,9,1,0
BRDA:172,10,0,0
BRDA:172,10,1,0
BRDA:210,11,0,0
BRDA:211,12,0,0
BRDA:211,12,1,0
BRDA:216,13,0,0
BRDA:216,13,1,0
BRDA:233,14,0,0
BRDA:247,15,0,0
BRDA:256,16,0,0
BRDA:256,16,1,0
BRDA:263,17,0,0
BRDA:263,17,1,0
BRDA:288,18,0,0
BRDA:288,18,1,0
BRDA:290,19,0,0
BRDA:290,19,1,0
BRF:31
BRH:0
end_of_record
TN:
SF:src/cursor-integration/rag-service.ts
FN:38,(anonymous_9)
FN:47,(anonymous_10)
FN:77,(anonymous_11)
FN:109,(anonymous_12)
FN:117,(anonymous_13)
FN:141,(anonymous_14)
FN:147,(anonymous_15)
FN:172,(anonymous_16)
FN:178,(anonymous_17)
FN:197,(anonymous_18)
FN:220,(anonymous_19)
FN:245,(anonymous_20)
FN:250,(anonymous_21)
FN:251,(anonymous_22)
FN:259,(anonymous_23)
FN:282,(anonymous_24)
FN:305,(anonymous_25)
FN:317,(anonymous_26)
FN:333,(anonymous_27)
FN:335,(anonymous_28)
FN:341,(anonymous_29)
FN:346,(anonymous_30)
FN:352,(anonymous_31)
FN:359,(anonymous_32)
FN:365,(anonymous_33)
FN:371,(anonymous_34)
FN:378,(anonymous_35)
FN:387,(anonymous_36)
FN:404,(anonymous_37)
FN:406,(anonymous_38)
FN:410,(anonymous_39)
FN:413,(anonymous_40)
FN:418,(anonymous_41)
FN:425,(anonymous_42)
FN:437,(anonymous_43)
FN:438,(anonymous_44)
FN:442,(anonymous_45)
FN:446,(anonymous_46)
FN:450,(anonymous_47)
FN:454,(anonymous_48)
FN:458,(anonymous_49)
FN:462,(anonymous_50)
FN:466,(anonymous_51)
FN:470,(anonymous_52)
FNF:44
FNH:0
FNDA:0,(anonymous_9)
FNDA:0,(anonymous_10)
FNDA:0,(anonymous_11)
FNDA:0,(anonymous_12)
FNDA:0,(anonymous_13)
FNDA:0,(anonymous_14)
FNDA:0,(anonymous_15)
FNDA:0,(anonymous_16)
FNDA:0,(anonymous_17)
FNDA:0,(anonymous_18)
FNDA:0,(anonymous_19)
FNDA:0,(anonymous_20)
FNDA:0,(anonymous_21)
FNDA:0,(anonymous_22)
FNDA:0,(anonymous_23)
FNDA:0,(anonymous_24)
FNDA:0,(anonymous_25)
FNDA:0,(anonymous_26)
FNDA:0,(anonymous_27)
FNDA:0,(anonymous_28)
FNDA:0,(anonymous_29)
FNDA:0,(anonymous_30)
FNDA:0,(anonymous_31)
FNDA:0,(anonymous_32)
FNDA:0,(anonymous_33)
FNDA:0,(anonymous_34)
FNDA:0,(anonymous_35)
FNDA:0,(anonymous_36)
FNDA:0,(anonymous_37)
FNDA:0,(anonymous_38)
FNDA:0,(anonymous_39)
FNDA:0,(anonymous_40)
FNDA:0,(anonymous_41)
FNDA:0,(anonymous_42)
FNDA:0,(anonymous_43)
FNDA:0,(anonymous_44)
FNDA:0,(anonymous_45)
FNDA:0,(anonymous_46)
FNDA:0,(anonymous_47)
FNDA:0,(anonymous_48)
FNDA:0,(anonymous_49)
FNDA:0,(anonymous_50)
FNDA:0,(anonymous_51)
FNDA:0,(anonymous_52)
DA:4,0
DA:5,0
DA:6,0
DA:33,0
DA:36,0
DA:39,0
DA:40,0
DA:48,0
DA:50,0
DA:51,0
DA:53,0
DA:55,0
DA:58,0
DA:61,0
DA:63,0
DA:64,0
DA:65,0
DA:68,0
DA:69,0
DA:78,0
DA:80,0
DA:81,0
DA:84,0
DA:91,0
DA:92,0
DA:93,0
DA:95,0
DA:96,0
DA:98,0
DA:110,0
DA:111,0
DA:118,0
DA:124,0
DA:126,0
DA:127,0
DA:128,0
DA:129,0
DA:130,0
DA:131,0
DA:141,0
DA:148,0
DA:155,0
DA:157,0
DA:158,0
DA:159,0
DA:160,0
DA:161,0
DA:162,0
DA:172,0
DA:179,0
DA:181,0
DA:182,0
DA:183,0
DA:185,0
DA:199,0
DA:200,0
DA:202,0
DA:203,0
DA:204,0
DA:206,0
DA:207,0
DA:221,0
DA:227,0
DA:228,0
DA:229,0
DA:230,0
DA:231,0
DA:233,0
DA:247,0
DA:250,0
DA:251,0
DA:253,0
DA:260,0
DA:262,0
DA:263,0
DA:265,0
DA:266,0
DA:267,0
DA:276,0
DA:283,0
DA:285,0
DA:286,0
DA:288,0
DA:289,0
DA:290,0
DA:299,0
DA:306,0
DA:307,0
DA:309,0
DA:310,0
DA:318,0
DA:323,0
DA:324,0
DA:325,0
DA:326,0
DA:329,0
DA:334,0
DA:335,0
DA:343,0
DA:346,0
DA:349,0
DA:354,0
DA:357,0
DA:358,0
DA:359,0
DA:363,0
DA:364,0
DA:365,0
DA:368,0
DA:373,0
DA:376,0
DA:377,0
DA:378,0
DA:384,0
DA:388,0
DA:389,0
DA:391,0
DA:392,0
DA:393,0
DA:397,0
DA:398,0
DA:401,0
DA:405,0
DA:406,0
DA:410,0
DA:415,0
DA:420,0
DA:421,0
DA:423,0
DA:424,0
DA:425,0
DA:427,0
DA:428,0
DA:429,0
DA:430,0
DA:434,0
DA:438,0
DA:443,0
DA:447,0
DA:451,0
DA:455,0
DA:459,0
DA:463,0
DA:467,0
DA:471,0
DA:475,0
LF:146
LH:0
BRDA:48,0,0,0
BRDA:48,0,1,0
BRDA:87,1,0,0
BRDA:87,1,1,0
BRDA:130,2,0,0
BRDA:130,2,1,0
BRDA:161,3,0,0
BRDA:161,3,1,0
BRDA:206,4,0,0
BRDA:206,4,1,0
BRDA:263,5,0,0
BRDA:263,5,1,0
BRDA:266,6,0,0
BRDA:266,6,1,0
BRDA:286,7,0,0
BRDA:286,7,1,0
BRDA:289,8,0,0
BRDA:289,8,1,0
BRDA:358,9,0,0
BRDA:358,9,1,0
BRDA:364,10,0,0
BRDA:364,10,1,0
BRDA:377,11,0,0
BRDA:377,11,1,0
BRDA:379,12,0,0
BRDA:379,12,1,0
BRDA:392,13,0,0
BRDA:392,13,1,0
BRDA:397,14,0,0
BRDA:397,14,1,0
BRDA:425,15,0,0
BRDA:425,15,1,0
BRDA:447,16,0,0
BRDA:447,16,1,0
BRF:34
BRH:0
end_of_record
TN:
SF:src/cursor-integration/token-optimizer.ts
FN:24,createEfficientPrompt
FN:58,estimateTokenUsage
FN:76,(anonymous_2)
FN:86,(anonymous_3)
FNF:4
FNH:0
FNDA:0,createEfficientPrompt
FNDA:0,estimateTokenUsage
FNDA:0,(anonymous_2)
FNDA:0,(anonymous_3)
DA:24,0
DA:30,0
DA:31,0
DA:34,0
DA:35,0
DA:44,0
DA:45,0
DA:52,0
DA:58,0
DA:60,0
DA:66,0
DA:67,0
DA:73,0
DA:77,0
DA:87,0
DA:88,0
DA:90,0
DA:91,0
DA:93,0
DA:94,0
DA:96,0
LF:21
LH:0
BRDA:30,0,0,0
BRDA:30,0,1,0
BRDA:34,1,0,0
BRDA:34,1,1,0
BRDA:44,2,0,0
BRDA:44,2,1,0
BRDA:76,3,0,0
BRDA:86,4,0,0
BRF:8
BRH:0
end_of_record
TN:
SF:src/cursor-integration/trust-score-validator.ts
FN:32,(anonymous_0)
FN:56,(anonymous_1)
FN:100,(anonymous_2)
FN:122,(anonymous_3)
FN:142,(anonymous_4)
FN:182,(anonymous_5)
FN:186,(anonymous_6)
FN:190,(anonymous_7)
FN:202,(anonymous_8)
FN:208,(anonymous_9)
FN:254,(anonymous_10)
FN:264,(anonymous_11)
FN:266,(anonymous_12)
FN:293,testTrustScoreValidator
FNF:14
FNH:0
FNDA:0,(anonymous_0)
FNDA:0,(anonymous_1)
FNDA:0,(anonymous_2)
FNDA:0,(anonymous_3)
FNDA:0,(anonymous_4)
FNDA:0,(anonymous_5)
FNDA:0,(anonymous_6)
FNDA:0,(anonymous_7)
FNDA:0,(anonymous_8)
FNDA:0,(anonymous_9)
FNDA:0,(anonymous_10)
FNDA:0,(anonymous_11)
FNDA:0,(anonymous_12)
FNDA:0,testTrustScoreValidator
DA:6,0
DA:27,0
DA:28,0
DA:29,0
DA:30,0
DA:33,0
DA:35,0
DA:38,0
DA:39,0
DA:46,0
DA:49,0
DA:57,0
DA:60,0
DA:61,0
DA:62,0
DA:63,0
DA:67,0
DA:78,0
DA:79,0
DA:80,0
DA:81,0
DA:82,0
DA:84,0
DA:94,0
DA:101,0
DA:104,0
DA:105,0
DA:106,0
DA:116,0
DA:117,0
DA:118,0
DA:120,0
DA:121,0
DA:122,0
DA:124,0
DA:125,0
DA:136,0
DA:143,0
DA:146,0
DA:147,0
DA:148,0
DA:158,0
DA:162,0
DA:163,0
DA:172,0
DA:179,0
DA:183,0
DA:187,0
DA:191,0
DA:194,0
DA:195,0
DA:196,0
DA:198,0
DA:201,0
DA:202,0
DA:203,0
DA:205,0
DA:208,0
DA:209,0
DA:213,0
DA:217,0
DA:218,0
DA:219,0
DA:220,0
DA:223,0
DA:224,0
DA:226,0
DA:227,0
DA:230,0
DA:231,0
DA:234,0
DA:235,0
DA:238,0
DA:239,0
DA:242,0
DA:255,0
DA:257,0
DA:258,0
DA:259,0
DA:262,0
DA:263,0
DA:264,0
DA:265,0
DA:266,0
DA:267,0
DA:269,0
DA:270,0
DA:271,0
DA:272,0
DA:273,0
DA:276,0
DA:281,0
DA:282,0
DA:283,0
DA:284,0
DA:288,0
DA:294,0
DA:296,0
DA:297,0
DA:300,0
DA:316,0
DA:317,0
DA:318,0
DA:319,0
DA:322,0
DA:329,0
DA:330,0
DA:331,0
DA:332,0
DA:333,0
DA:336,0
DA:337,0
DA:338,0
DA:340,0
DA:344,0
LF:115
LH:0
BRDA:61,0,0,0
BRDA:61,0,1,0
BRDA:63,1,0,0
BRDA:63,1,1,0
BRDA:63,1,2,0
BRDA:71,2,0,0
BRDA:71,2,1,0
BRDA:79,3,0,0
BRDA:79,3,1,0
BRDA:88,4,0,0
BRDA:88,4,1,0
BRDA:105,5,0,0
BRDA:105,5,1,0
BRDA:117,6,0,0
BRDA:117,6,1,0
BRDA:124,7,0,0
BRDA:124,7,1,0
BRDA:146,8,0,0
BRDA:146,8,1,0
BRDA:146,9,0,0
BRDA:146,9,1,0
BRDA:147,10,0,0
BRDA:147,10,1,0
BRDA:152,11,0,0
BRDA:152,11,1,0
BRDA:158,12,0,0
BRDA:158,12,1,0
BRDA:158,12,2,0
BRDA:158,12,3,0
BRDA:162,13,0,0
BRDA:162,13,1,0
BRDA:162,14,0,0
BRDA:162,14,1,0
BRDA:167,15,0,0
BRDA:167,15,1,0
BRDA:190,16,0,0
BRDA:205,17,0,0
BRDA:205,17,1,0
BRDA:209,18,0,0
BRDA:209,18,1,0
BRDA:209,18,2,0
BRDA:217,19,0,0
BRDA:217,19,1,0
BRDA:218,20,0,0
BRDA:218,20,1,0
BRDA:219,21,0,0
BRDA:219,21,1,0
BRDA:224,22,0,0
BRDA:224,22,1,0
BRDA:226,23,0,0
BRDA:226,23,1,0
BRDA:230,24,0,0
BRDA:230,24,1,0
BRDA:234,25,0,0
BRDA:234,25,1,0
BRDA:238,26,0,0
BRDA:238,26,1,0
BRDA:254,27,0,0
BRDA:259,28,0,0
BRDA:259,28,1,0
BRDA:265,29,0,0
BRDA:265,29,1,0
BRDA:270,30,0,0
BRDA:270,30,1,0
BRDA:272,31,0,0
BRDA:272,31,1,0
BRDA:281,32,0,0
BRDA:281,32,1,0
BRDA:319,33,0,0
BRDA:319,33,1,0
BRDA:332,34,0,0
BRDA:332,34,1,0
BRF:72
BRH:0
end_of_record
TN:
SF:src/database/index.ts
FNF:0
FNH:0
DA:2,0
DA:5,0
DA:6,0
LF:3
LH:0
BRF:0
BRH:0
end_of_record
TN:
SF:src/database/migrations.ts
FN:14,(anonymous_0)
FN:19,(anonymous_1)
FN:33,(anonymous_2)
FN:48,(anonymous_3)
FN:77,(anonymous_4)
FN:94,(anonymous_5)
FN:115,(anonymous_6)
FN:128,(anonymous_7)
FN:152,(anonymous_8)
FNF:9
FNH:0
FNDA:0,(anonymous_0)
FNDA:0,(anonymous_1)
FNDA:0,(anonymous_2)
FNDA:0,(anonymous_3)
FNDA:0,(anonymous_4)
FNDA:0,(anonymous_5)
FNDA:0,(anonymous_6)
FNDA:0,(anonymous_7)
FNDA:0,(anonymous_8)
DA:1,0
DA:2,0
DA:10,0
DA:12,0
DA:15,0
DA:20,0
DA:21,0
DA:25,0
DA:27,0
DA:28,0
DA:34,0
DA:36,0
DA:38,0
DA:42,0
DA:43,0
DA:44,0
DA:48,0
DA:50,0
DA:59,0
DA:65,0
DA:67,0
DA:72,0
DA:78,0
DA:79,0
DA:83,0
DA:84,0
DA:85,0
DA:89,0
DA:90,0
DA:91,0
DA:94,0
DA:97,0
DA:100,0
DA:104,0
DA:107,0
DA:109,0
DA:110,0
DA:116,0
DA:117,0
DA:122,0
DA:123,0
DA:129,0
DA:131,0
DA:149,0
DA:151,0
DA:152,0
DA:155,0
DA:157,0
DA:158,0
DA:163,0
LF:50
LH:0
BRDA:25,0,0,0
BRDA:25,0,1,0
BRDA:42,1,0,0
BRDA:42,1,1,0
BRDA:55,2,0,0
BRDA:55,2,1,0
BRDA:83,3,0,0
BRDA:83,3,1,0
BRDA:89,4,0,0
BRDA:89,4,1,0
BRF:10
BRH:0
end_of_record
TN:
SF:src/database/prisma-adapter.ts
FN:19,(anonymous_0)
FN:26,(anonymous_1)
FN:33,(anonymous_2)
FN:40,(anonymous_3)
FN:47,(anonymous_4)
FN:54,(anonymous_5)
FN:61,(anonymous_6)
FN:68,(anonymous_7)
FN:75,(anonymous_8)
FN:82,(anonymous_9)
FN:89,(anonymous_10)
FN:96,(anonymous_11)
FN:103,(anonymous_12)
FN:110,(anonymous_13)
FN:117,(anonymous_14)
FN:124,(anonymous_15)
FN:131,(anonymous_16)
FN:138,(anonymous_17)
FN:145,(anonymous_18)
FN:152,(anonymous_19)
FN:159,(anonymous_20)
FN:166,(anonymous_21)
FN:173,(anonymous_22)
FN:180,(anonymous_23)
FN:187,(anonymous_24)
FN:194,(anonymous_25)
FN:201,(anonymous_26)
FN:208,(anonymous_27)
FN:215,(anonymous_28)
FN:222,(anonymous_29)
FN:229,(anonymous_30)
FN:236,(anonymous_31)
FN:243,(anonymous_32)
FN:250,(anonymous_33)
FN:257,(anonymous_34)
FN:269,(anonymous_35)
FN:273,(anonymous_36)
FN:280,(anonymous_37)
FN:281,(anonymous_38)
FN:284,(anonymous_39)
FN:296,(anonymous_40)
FN:300,(anonymous_41)
FN:304,(anonymous_42)
FN:308,(anonymous_43)
FN:312,(anonymous_44)
FN:316,(anonymous_45)
FN:320,(anonymous_46)
FN:324,(anonymous_47)
FN:328,(anonymous_48)
FN:332,(anonymous_49)
FN:336,(anonymous_50)
FN:340,(anonymous_51)
FN:344,(anonymous_52)
FN:348,(anonymous_53)
FN:352,(anonymous_54)
FN:356,(anonymous_55)
FN:360,(anonymous_56)
FN:364,(anonymous_57)
FN:368,(anonymous_58)
FN:372,(anonymous_59)
FN:376,(anonymous_60)
FN:380,(anonymous_61)
FN:384,(anonymous_62)
FN:388,(anonymous_63)
FN:392,(anonymous_64)
FN:396,(anonymous_65)
FN:400,(anonymous_66)
FN:404,(anonymous_67)
FN:408,(anonymous_68)
FN:412,(anonymous_69)
FN:416,(anonymous_70)
FN:420,(anonymous_71)
FN:424,(anonymous_72)
FN:432,createPrismaAdapter
FNF:74
FNH:0
FNDA:0,(anonymous_0)
FNDA:0,(anonymous_1)
FNDA:0,(anonymous_2)
FNDA:0,(anonymous_3)
FNDA:0,(anonymous_4)
FNDA:0,(anonymous_5)
FNDA:0,(anonymous_6)
FNDA:0,(anonymous_7)
FNDA:0,(anonymous_8)
FNDA:0,(anonymous_9)
FNDA:0,(anonymous_10)
FNDA:0,(anonymous_11)
FNDA:0,(anonymous_12)
FNDA:0,(anonymous_13)
FNDA:0,(anonymous_14)
FNDA:0,(anonymous_15)
FNDA:0,(anonymous_16)
FNDA:0,(anonymous_17)
FNDA:0,(anonymous_18)
FNDA:0,(anonymous_19)
FNDA:0,(anonymous_20)
FNDA:0,(anonymous_21)
FNDA:0,(anonymous_22)
FNDA:0,(anonymous_23)
FNDA:0,(anonymous_24)
FNDA:0,(anonymous_25)
FNDA:0,(anonymous_26)
FNDA:0,(anonymous_27)
FNDA:0,(anonymous_28)
FNDA:0,(anonymous_29)
FNDA:0,(anonymous_30)
FNDA:0,(anonymous_31)
FNDA:0,(anonymous_32)
FNDA:0,(anonymous_33)
FNDA:0,(anonymous_34)
FNDA:0,(anonymous_35)
FNDA:0,(anonymous_36)
FNDA:0,(anonymous_37)
FNDA:0,(anonymous_38)
FNDA:0,(anonymous_39)
FNDA:0,(anonymous_40)
FNDA:0,(anonymous_41)
FNDA:0,(anonymous_42)
FNDA:0,(anonymous_43)
FNDA:0,(anonymous_44)
FNDA:0,(anonymous_45)
FNDA:0,(anonymous_46)
FNDA:0,(anonymous_47)
FNDA:0,(anonymous_48)
FNDA:0,(anonymous_49)
FNDA:0,(anonymous_50)
FNDA:0,(anonymous_51)
FNDA:0,(anonymous_52)
FNDA:0,(anonymous_53)
FNDA:0,(anonymous_54)
FNDA:0,(anonymous_55)
FNDA:0,(anonymous_56)
FNDA:0,(anonymous_57)
FNDA:0,(anonymous_58)
FNDA:0,(anonymous_59)
FNDA:0,(anonymous_60)
FNDA:0,(anonymous_61)
FNDA:0,(anonymous_62)
FNDA:0,(anonymous_63)
FNDA:0,(anonymous_64)
FNDA:0,(anonymous_65)
FNDA:0,(anonymous_66)
FNDA:0,(anonymous_67)
FNDA:0,(anonymous_68)
FNDA:0,(anonymous_69)
FNDA:0,(anonymous_70)
FNDA:0,(anonymous_71)
FNDA:0,(anonymous_72)
FNDA:0,createPrismaAdapter
DA:16,0
DA:20,0
DA:27,0
DA:34,0
DA:41,0
DA:48,0
DA:55,0
DA:62,0
DA:69,0
DA:76,0
DA:83,0
DA:90,0
DA:97,0
DA:104,0
DA:111,0
DA:118,0
DA:125,0
DA:132,0
DA:139,0
DA:146,0
DA:153,0
DA:160,0
DA:167,0
DA:174,0
DA:181,0
DA:188,0
DA:195,0
DA:202,0
DA:209,0
DA:216,0
DA:223,0
DA:230,0
DA:237,0
DA:244,0
DA:251,0
DA:258,0
DA:273,0
DA:274,0
DA:275,0
DA:280,0
DA:281,0
DA:286,0
DA:297,0
DA:301,0
DA:305,0
DA:309,0
DA:313,0
DA:317,0
DA:321,0
DA:325,0
DA:329,0
DA:333,0
DA:337,0
DA:341,0
DA:345,0
DA:349,0
DA:353,0
DA:357,0
DA:361,0
DA:365,0
DA:369,0
DA:373,0
DA:377,0
DA:381,0
DA:385,0
DA:389,0
DA:393,0
DA:397,0
DA:401,0
DA:405,0
DA:409,0
DA:413,0
DA:417,0
DA:421,0
DA:425,0
DA:432,0
DA:433,0
LF:77
LH:0
BRF:0
BRH:0
end_of_record
TN:
SF:src/database/prisma.ts
FN:14,(anonymous_0)
FN:28,(anonymous_1)
FN:39,(anonymous_2)
FN:47,(anonymous_3)
FN:54,(anonymous_4)
FN:65,(anonymous_5)
FN:66,(anonymous_6)
FN:67,(anonymous_7)
FN:68,(anonymous_8)
FN:69,(anonymous_9)
FN:70,(anonymous_10)
FN:71,(anonymous_11)
FN:72,(anonymous_12)
FN:73,(anonymous_13)
FN:74,(anonymous_14)
FN:75,(anonymous_15)
FN:76,(anonymous_16)
FN:77,(anonymous_17)
FN:78,(anonymous_18)
FN:79,(anonymous_19)
FN:80,(anonymous_20)
FN:81,(anonymous_21)
FN:82,(anonymous_22)
FN:83,(anonymous_23)
FN:84,(anonymous_24)
FN:85,(anonymous_25)
FN:86,(anonymous_26)
FN:87,(anonymous_27)
FN:88,(anonymous_28)
FN:89,(anonymous_29)
FN:96,getHotelDb
FN:101,withTransaction
FNF:32
FNH:0
FNDA:0,(anonymous_0)
FNDA:0,(anonymous_1)
FNDA:0,(anonymous_2)
FNDA:0,(anonymous_3)
FNDA:0,(anonymous_4)
FNDA:0,(anonymous_5)
FNDA:0,(anonymous_6)
FNDA:0,(anonymous_7)
FNDA:0,(anonymous_8)
FNDA:0,(anonymous_9)
FNDA:0,(anonymous_10)
FNDA:0,(anonymous_11)
FNDA:0,(anonymous_12)
FNDA:0,(anonymous_13)
FNDA:0,(anonymous_14)
FNDA:0,(anonymous_15)
FNDA:0,(anonymous_16)
FNDA:0,(anonymous_17)
FNDA:0,(anonymous_18)
FNDA:0,(anonymous_19)
FNDA:0,(anonymous_20)
FNDA:0,(anonymous_21)
FNDA:0,(anonymous_22)
FNDA:0,(anonymous_23)
FNDA:0,(anonymous_24)
FNDA:0,(anonymous_25)
FNDA:0,(anonymous_26)
FNDA:0,(anonymous_27)
FNDA:0,(anonymous_28)
FNDA:0,(anonymous_29)
FNDA:0,getHotelDb
FNDA:0,withTransaction
DA:1,0
DA:2,0
DA:9,0
DA:15,0
DA:22,0
DA:29,0
DA:30,0
DA:32,0
DA:40,0
DA:48,0
DA:58,0
DA:65,0
DA:66,0
DA:67,0
DA:68,0
DA:69,0
DA:70,0
DA:71,0
DA:72,0
DA:73,0
DA:74,0
DA:75,0
DA:76,0
DA:77,0
DA:78,0
DA:79,0
DA:80,0
DA:81,0
DA:82,0
DA:83,0
DA:84,0
DA:85,0
DA:86,0
DA:87,0
DA:88,0
DA:89,0
DA:93,0
DA:96,0
DA:97,0
DA:101,0
DA:105,0
LF:41
LH:0
BRDA:16,0,0,0
BRDA:16,0,1,0
BRDA:29,1,0,0
BRDA:29,1,1,0
BRF:4
BRH:0
end_of_record
TN:
SF:src/database/soft-delete-middleware.ts
FN:70,setupSoftDeleteMiddleware
FN:73,(anonymous_1)
FN:131,getSoftDeleteFilter
FNF:3
FNH:0
FNDA:0,setupSoftDeleteMiddleware
FNDA:0,(anonymous_1)
FNDA:0,getSoftDeleteFilter
DA:9,0
DA:11,0
DA:22,0
DA:70,0
DA:71,0
DA:73,0
DA:75,0
DA:78,0
DA:81,0
DA:82,0
DA:86,0
DA:87,0
DA:91,0
DA:92,0
DA:96,0
DA:99,0
DA:100,0
DA:102,0
DA:106,0
DA:107,0
DA:111,0
DA:112,0
DA:113,0
DA:114,0
DA:115,0
DA:121,0
DA:124,0
DA:131,0
DA:132,0
DA:133,0
DA:134,0
DA:137,0
DA:138,0
DA:141,0
DA:142,0
DA:146,0
DA:147,0
DA:151,0
DA:152,0
DA:153,0
DA:154,0
DA:155,0
DA:159,0
LF:43
LH:0
BRDA:78,0,0,0
BRDA:78,0,1,0
BRDA:81,1,0,0
BRDA:81,1,1,0
BRDA:81,2,0,0
BRDA:81,2,1,0
BRDA:86,3,0,0
BRDA:86,3,1,0
BRDA:91,4,0,0
BRDA:91,4,1,0
BRDA:99,5,0,0
BRDA:99,5,1,0
BRDA:100,6,0,0
BRDA:100,6,1,0
BRDA:106,7,0,0
BRDA:106,7,1,0
BRDA:106,8,0,0
BRDA:106,8,1,0
BRDA:111,9,0,0
BRDA:111,9,1,0
BRDA:111,10,0,0
BRDA:111,10,1,0
BRDA:111,10,2,0
BRDA:112,11,0,0
BRDA:112,11,1,0
BRDA:114,12,0,0
BRDA:114,12,1,0
BRDA:133,13,0,0
BRDA:133,13,1,0
BRDA:141,14,0,0
BRDA:141,14,1,0
BRDA:146,15,0,0
BRDA:146,15,1,0
BRDA:151,16,0,0
BRDA:151,16,1,0
BRDA:151,17,0,0
BRDA:151,17,1,0
BRDA:152,18,0,0
BRDA:152,18,1,0
BRDA:154,19,0,0
BRDA:154,19,1,0
BRF:41
BRH:0
end_of_record
TN:
SF:src/database/unified-client-simple.ts
FN:16,(anonymous_0)
FN:28,(anonymous_1)
FN:42,(anonymous_2)
FN:50,(anonymous_3)
FN:63,(anonymous_4)
FN:83,(anonymous_5)
FN:101,(anonymous_6)
FN:125,(anonymous_7)
FN:143,(anonymous_8)
FN:148,(anonymous_9)
FN:156,(anonymous_10)
FN:169,(anonymous_11)
FN:175,createUnifiedClient
FNF:13
FNH:0
FNDA:0,(anonymous_0)
FNDA:0,(anonymous_1)
FNDA:0,(anonymous_2)
FNDA:0,(anonymous_3)
FNDA:0,(anonymous_4)
FNDA:0,(anonymous_5)
FNDA:0,(anonymous_6)
FNDA:0,(anonymous_7)
FNDA:0,(anonymous_8)
FNDA:0,(anonymous_9)
FNDA:0,(anonymous_10)
FNDA:0,(anonymous_11)
FNDA:0,createUnifiedClient
DA:2,0
DA:10,0
DA:14,0
DA:17,0
DA:18,0
DA:21,0
DA:24,0
DA:25,0
DA:29,0
DA:30,0
DA:32,0
DA:33,0
DA:36,0
DA:43,0
DA:44,0
DA:51,0
DA:52,0
DA:53,0
DA:54,0
DA:56,0
DA:65,0
DA:72,0
DA:76,0
DA:77,0
DA:85,0
DA:90,0
DA:94,0
DA:95,0
DA:103,0
DA:108,0
DA:113,0
DA:118,0
DA:119,0
DA:127,0
DA:132,0
DA:136,0
DA:137,0
DA:144,0
DA:145,0
DA:149,0
DA:150,0
DA:157,0
DA:158,0
DA:159,0
DA:161,0
DA:162,0
DA:170,0
DA:175,0
DA:176,0
DA:179,0
LF:50
LH:0
BRDA:32,0,0,0
BRDA:32,0,1,0
BRDA:83,1,0,0
BRF:3
BRH:0
end_of_record
TN:
SF:src/database/unified-client.ts
FN:13,(anonymous_0)
FN:28,(anonymous_1)
FN:33,(anonymous_2)
FN:45,(anonymous_3)
FN:74,(anonymous_4)
FN:99,(anonymous_5)
FN:120,(anonymous_6)
FN:155,(anonymous_7)
FN:184,(anonymous_8)
FN:197,(anonymous_9)
FN:211,(anonymous_10)
FN:226,(anonymous_11)
FN:231,(anonymous_12)
FN:232,(anonymous_13)
FN:247,(anonymous_14)
FN:260,(anonymous_15)
FNF:16
FNH:0
FNDA:0,(anonymous_0)
FNDA:0,(anonymous_1)
FNDA:0,(anonymous_2)
FNDA:0,(anonymous_3)
FNDA:0,(anonymous_4)
FNDA:0,(anonymous_5)
FNDA:0,(anonymous_6)
FNDA:0,(anonymous_7)
FNDA:0,(anonymous_8)
FNDA:0,(anonymous_9)
FNDA:0,(anonymous_10)
FNDA:0,(anonymous_11)
FNDA:0,(anonymous_12)
FNDA:0,(anonymous_13)
FNDA:0,(anonymous_14)
FNDA:0,(anonymous_15)
DA:2,0
DA:3,0
DA:6,0
DA:18,0
DA:19,0
DA:20,0
DA:21,0
DA:24,0
DA:29,0
DA:30,0
DA:34,0
DA:35,0
DA:36,0
DA:37,0
DA:38,0
DA:40,0
DA:47,0
DA:52,0
DA:56,0
DA:58,0
DA:61,0
DA:65,0
DA:67,0
DA:70,0
DA:76,0
DA:81,0
DA:85,0
DA:86,0
DA:90,0
DA:92,0
DA:95,0
DA:101,0
DA:106,0
DA:107,0
DA:111,0
DA:113,0
DA:116,0
DA:122,0
DA:127,0
DA:133,0
DA:137,0
DA:139,0
DA:141,0
DA:146,0
DA:148,0
DA:151,0
DA:157,0
DA:162,0
DA:166,0
DA:168,0
DA:170,0
DA:174,0
DA:176,0
DA:179,0
DA:185,0
DA:187,0
DA:189,0
DA:198,0
DA:199,0
DA:200,0
DA:204,0
DA:207,0
DA:212,0
DA:213,0
DA:214,0
DA:218,0
DA:221,0
DA:227,0
DA:232,0
DA:234,0
DA:240,0
DA:242,0
DA:248,0
DA:249,0
DA:250,0
DA:252,0
DA:255,0
DA:261,0
DA:266,0
LF:79
LH:0
BRDA:20,0,0,0
BRDA:20,0,1,0
BRDA:49,1,0,0
BRDA:49,1,1,0
BRF:4
BRH:0
end_of_record
TN:
SF:src/events/event-publisher.ts
FN:23,(anonymous_0)
FN:54,(anonymous_1)
FN:79,(anonymous_2)
FN:113,(anonymous_3)
FN:132,(anonymous_4)
FN:158,(anonymous_5)
FN:188,(anonymous_6)
FN:209,(anonymous_7)
FN:256,(anonymous_8)
FN:276,(anonymous_9)
FN:303,(anonymous_10)
FN:344,(anonymous_11)
FN:381,(anonymous_12)
FN:404,(anonymous_13)
FN:444,(anonymous_14)
FN:463,(anonymous_15)
FN:489,(anonymous_16)
FN:519,createEventPublisher
FN:528,getEventPublisher
FNF:19
FNH:0
FNDA:0,(anonymous_0)
FNDA:0,(anonymous_1)
FNDA:0,(anonymous_2)
FNDA:0,(anonymous_3)
FNDA:0,(anonymous_4)
FNDA:0,(anonymous_5)
FNDA:0,(anonymous_6)
FNDA:0,(anonymous_7)
FNDA:0,(anonymous_8)
FNDA:0,(anonymous_9)
FNDA:0,(anonymous_10)
FNDA:0,(anonymous_11)
FNDA:0,(anonymous_12)
FNDA:0,(anonymous_13)
FNDA:0,(anonymous_14)
FNDA:0,(anonymous_15)
FNDA:0,(anonymous_16)
FNDA:0,createEventPublisher
FNDA:0,getEventPublisher
DA:1,0
DA:2,0
DA:4,0
DA:5,0
DA:17,0
DA:19,0
DA:21,0
DA:23,0
DA:24,0
DA:27,0
DA:37,0
DA:38,0
DA:45,0
DA:55,0
DA:57,0
DA:60,0
DA:62,0
DA:64,0
DA:66,0
DA:70,0
DA:71,0
DA:72,0
DA:80,0
DA:82,0
DA:84,0
DA:87,0
DA:88,0
DA:92,0
DA:93,0
DA:97,0
DA:99,0
DA:100,0
DA:102,0
DA:105,0
DA:106,0
DA:114,0
DA:115,0
DA:116,0
DA:119,0
DA:120,0
DA:123,0
DA:124,0
DA:128,0
DA:129,0
DA:132,0
DA:133,0
DA:134,0
DA:135,0
DA:137,0
DA:141,0
DA:143,0
DA:145,0
DA:147,0
DA:150,0
DA:151,0
DA:159,0
DA:160,0
DA:163,0
DA:164,0
DA:177,0
DA:180,0
DA:189,0
DA:191,0
DA:194,0
DA:202,0
DA:211,0
DA:212,0
DA:215,0
DA:216,0
DA:219,0
DA:220,0
DA:224,0
DA:234,0
DA:235,0
DA:239,0
DA:240,0
DA:244,0
DA:245,0
DA:250,0
DA:257,0
DA:259,0
DA:263,0
DA:265,0
DA:267,0
DA:269,0
DA:277,0
DA:278,0
DA:284,0
DA:287,0
DA:288,0
DA:289,0
DA:296,0
DA:304,0
DA:305,0
DA:307,0
DA:309,0
DA:310,0
DA:311,0
DA:313,0
DA:316,0
DA:317,0
DA:318,0
DA:319,0
DA:321,0
DA:323,0
DA:326,0
DA:327,0
DA:328,0
DA:329,0
DA:331,0
DA:335,0
DA:338,0
DA:345,0
DA:346,0
DA:348,0
DA:373,0
DA:382,0
DA:383,0
DA:392,0
DA:393,0
DA:397,0
DA:405,0
DA:406,0
DA:434,0
DA:437,0
DA:445,0
DA:446,0
DA:448,0
DA:449,0
DA:452,0
DA:455,0
DA:456,0
DA:464,0
DA:466,0
DA:467,0
DA:468,0
DA:470,0
DA:472,0
DA:474,0
DA:475,0
DA:478,0
DA:481,0
DA:482,0
DA:490,0
DA:491,0
DA:493,0
DA:506,0
DA:517,0
DA:519,0
DA:520,0
DA:521,0
DA:524,0
DA:525,0
DA:528,0
DA:529,0
DA:530,0
DA:533,0
LF:157
LH:0
BRDA:37,0,0,0
BRDA:37,0,1,0
BRDA:45,1,0,0
BRDA:45,1,1,0
BRDA:60,2,0,0
BRDA:60,2,1,0
BRDA:60,2,2,0
BRDA:87,3,0,0
BRDA:87,3,1,0
BRDA:92,4,0,0
BRDA:92,4,1,0
BRDA:115,5,0,0
BRDA:115,5,1,0
BRDA:123,6,0,0
BRDA:123,6,1,0
BRDA:160,7,0,0
BRDA:160,7,1,0
BRDA:211,8,0,0
BRDA:211,8,1,0
BRDA:211,9,0,0
BRDA:211,9,1,0
BRDA:215,10,0,0
BRDA:215,10,1,0
BRDA:215,11,0,0
BRDA:215,11,1,0
BRDA:219,12,0,0
BRDA:219,12,1,0
BRDA:226,13,0,0
BRDA:226,13,1,0
BRDA:227,14,0,0
BRDA:227,14,1,0
BRDA:230,15,0,0
BRDA:230,15,1,0
BRDA:234,16,0,0
BRDA:234,16,1,0
BRDA:234,17,0,0
BRDA:234,17,1,0
BRDA:239,18,0,0
BRDA:239,18,1,0
BRDA:244,19,0,0
BRDA:244,19,1,0
BRDA:245,20,0,0
BRDA:245,20,1,0
BRDA:257,21,0,0
BRDA:257,21,1,0
BRDA:257,21,2,0
BRDA:257,21,3,0
BRDA:257,21,4,0
BRDA:257,21,5,0
BRDA:257,21,6,0
BRDA:287,22,0,0
BRDA:287,22,1,0
BRDA:307,23,0,0
BRDA:307,23,1,0
BRDA:307,23,2,0
BRDA:307,23,3,0
BRDA:310,24,0,0
BRDA:310,24,1,0
BRDA:318,25,0,0
BRDA:318,25,1,0
BRDA:318,26,0,0
BRDA:318,26,1,0
BRDA:328,27,0,0
BRDA:328,27,1,0
BRDA:388,28,0,0
BRDA:388,28,1,0
BRDA:392,29,0,0
BRDA:392,29,1,0
BRDA:428,30,0,0
BRDA:428,30,1,0
BRDA:448,31,0,0
BRDA:448,31,1,0
BRDA:474,32,0,0
BRDA:474,32,1,0
BRDA:494,33,0,0
BRDA:494,33,1,0
BRDA:497,34,0,0
BRDA:497,34,1,0
BRDA:509,35,0,0
BRDA:509,35,1,0
BRDA:520,36,0,0
BRDA:520,36,1,0
BRDA:529,37,0,0
BRDA:529,37,1,0
BRF:84
BRH:0
end_of_record
TN:
SF:src/events/redis-queue.ts
FN:29,(anonymous_1)
FN:43,(anonymous_2)
FN:44,(anonymous_3)
FN:49,(anonymous_4)
FN:54,(anonymous_5)
FN:63,(anonymous_6)
FN:76,(anonymous_7)
FN:93,(anonymous_8)
FN:165,(anonymous_9)
FN:209,(anonymous_10)
FN:222,(anonymous_11)
FN:248,(anonymous_12)
FN:287,(anonymous_13)
FN:336,(anonymous_14)
FN:349,(anonymous_15)
FN:395,(anonymous_16)
FN:408,(anonymous_17)
FN:434,(anonymous_18)
FN:457,(anonymous_19)
FN:468,(anonymous_20)
FNF:20
FNH:0
FNDA:0,(anonymous_1)
FNDA:0,(anonymous_2)
FNDA:0,(anonymous_3)
FNDA:0,(anonymous_4)
FNDA:0,(anonymous_5)
FNDA:0,(anonymous_6)
FNDA:0,(anonymous_7)
FNDA:0,(anonymous_8)
FNDA:0,(anonymous_9)
FNDA:0,(anonymous_10)
FNDA:0,(anonymous_11)
FNDA:0,(anonymous_12)
FNDA:0,(anonymous_13)
FNDA:0,(anonymous_14)
FNDA:0,(anonymous_15)
FNDA:0,(anonymous_16)
FNDA:0,(anonymous_17)
FNDA:0,(anonymous_18)
FNDA:0,(anonymous_19)
FNDA:0,(anonymous_20)
DA:1,0
DA:3,0
DA:23,0
DA:26,0
DA:27,0
DA:29,0
DA:30,0
DA:31,0
DA:37,0
DA:44,0
DA:45,0
DA:46,0
DA:49,0
DA:50,0
DA:51,0
DA:54,0
DA:55,0
DA:56,0
DA:64,0
DA:65,0
DA:66,0
DA:68,0
DA:69,0
DA:77,0
DA:78,0
DA:79,0
DA:81,0
DA:82,0
DA:94,0
DA:95,0
DA:96,0
DA:99,0
DA:101,0
DA:117,0
DA:124,0
DA:135,0
DA:138,0
DA:141,0
DA:153,0
DA:171,0
DA:173,0
DA:175,0
DA:177,0
DA:178,0
DA:180,0
DA:183,0
DA:198,0
DA:199,0
DA:200,0
DA:201,0
DA:207,0
DA:209,0
DA:214,0
DA:215,0
DA:223,0
DA:224,0
DA:227,0
DA:230,0
DA:231,0
DA:233,0
DA:237,0
DA:238,0
DA:240,0
DA:254,0
DA:255,0
DA:258,0
DA:260,0
DA:263,0
DA:272,0
DA:273,0
DA:274,0
DA:275,0
DA:280,0
DA:293,0
DA:295,0
DA:296,0
DA:298,0
DA:304,0
DA:307,0
DA:309,0
DA:310,0
DA:313,0
DA:325,0
DA:326,0
DA:329,0
DA:343,0
DA:344,0
DA:345,0
DA:347,0
DA:349,0
DA:350,0
DA:354,0
DA:366,0
DA:370,0
DA:372,0
DA:384,0
DA:388,0
DA:396,0
DA:409,0
DA:411,0
DA:412,0
DA:424,0
DA:427,0
DA:435,0
DA:436,0
DA:437,0
DA:439,0
DA:449,0
DA:450,0
DA:458,0
DA:459,0
DA:460,0
DA:462,0
DA:468,0
DA:475,0
LF:115
LH:0
BRDA:95,0,0,0
BRDA:95,0,1,0
BRDA:149,1,0,0
BRDA:149,1,1,0
BRDA:198,2,0,0
BRDA:198,2,1,0
BRDA:198,3,0,0
BRDA:198,3,1,0
BRDA:230,4,0,0
BRDA:230,4,1,0
BRDA:237,5,0,0
BRDA:237,5,1,0
BRDA:237,6,0,0
BRDA:237,6,1,0
BRDA:258,7,0,0
BRDA:258,7,1,0
BRDA:274,8,0,0
BRDA:274,8,1,0
BRDA:345,9,0,0
BRDA:345,9,1,0
BRDA:347,10,0,0
BRDA:347,10,1,0
BRDA:362,11,0,0
BRDA:362,11,1,0
BRDA:380,12,0,0
BRDA:380,12,1,0
BRDA:398,13,0,0
BRDA:398,13,1,0
BRDA:399,14,0,0
BRDA:399,14,1,0
BRDA:419,15,0,0
BRDA:419,15,1,0
BRDA:463,16,0,0
BRDA:463,16,1,0
BRDA:478,17,0,0
BRDA:478,17,1,0
BRF:36
BRH:0
end_of_record
TN:
SF:src/governance/config.ts
FN:172,(anonymous_0)
FN:176,(anonymous_1)
FN:184,(anonymous_2)
FN:210,(anonymous_3)
FN:212,(anonymous_4)
FN:216,(anonymous_5)
FN:220,(anonymous_6)
FN:233,(anonymous_7)
FN:273,(anonymous_8)
FN:278,(anonymous_9)
FN:301,(anonymous_10)
FN:325,(anonymous_11)
FN:330,(anonymous_12)
FN:335,(anonymous_13)
FN:340,(anonymous_14)
FN:345,(anonymous_15)
FN:351,(anonymous_16)
FN:354,(anonymous_17)
FN:355,(anonymous_18)
FN:368,(anonymous_19)
FN:376,(anonymous_20)
FN:388,(anonymous_21)
FN:393,(anonymous_22)
FN:397,(anonymous_23)
FN:410,(anonymous_24)
FN:414,(anonymous_25)
FN:417,(anonymous_26)
FN:424,(anonymous_27)
FN:439,(anonymous_28)
FNF:29
FNH:0
FNDA:0,(anonymous_0)
FNDA:0,(anonymous_1)
FNDA:0,(anonymous_2)
FNDA:0,(anonymous_3)
FNDA:0,(anonymous_4)
FNDA:0,(anonymous_5)
FNDA:0,(anonymous_6)
FNDA:0,(anonymous_7)
FNDA:0,(anonymous_8)
FNDA:0,(anonymous_9)
FNDA:0,(anonymous_10)
FNDA:0,(anonymous_11)
FNDA:0,(anonymous_12)
FNDA:0,(anonymous_13)
FNDA:0,(anonymous_14)
FNDA:0,(anonymous_15)
FNDA:0,(anonymous_16)
FNDA:0,(anonymous_17)
FNDA:0,(anonymous_18)
FNDA:0,(anonymous_19)
FNDA:0,(anonymous_20)
FNDA:0,(anonymous_21)
FNDA:0,(anonymous_22)
FNDA:0,(anonymous_23)
FNDA:0,(anonymous_24)
FNDA:0,(anonymous_25)
FNDA:0,(anonymous_26)
FNDA:0,(anonymous_27)
FNDA:0,(anonymous_28)
DA:32,0
DA:79,0
DA:168,0
DA:173,0
DA:177,0
DA:178,0
DA:180,0
DA:190,0
DA:192,0
DA:193,0
DA:194,0
DA:197,0
DA:206,0
DA:211,0
DA:212,0
DA:217,0
DA:218,0
DA:220,0
DA:223,0
DA:224,0
DA:225,0
DA:226,0
DA:227,0
DA:228,0
DA:238,0
DA:240,0
DA:241,0
DA:251,0
DA:252,0
DA:253,0
DA:255,0
DA:256,0
DA:257,0
DA:258,0
DA:259,0
DA:260,0
DA:261,0
DA:266,0
DA:273,0
DA:282,0
DA:284,0
DA:286,0
DA:288,0
DA:290,0
DA:292,0
DA:294,0
DA:296,0
DA:302,0
DA:304,0
DA:305,0
DA:306,0
DA:307,0
DA:309,0
DA:310,0
DA:321,0
DA:327,0
DA:332,0
DA:337,0
DA:342,0
DA:347,0
DA:352,0
DA:353,0
DA:354,0
DA:355,0
DA:357,0
DA:373,0
DA:375,0
DA:376,0
DA:377,0
DA:385,0
DA:390,0
DA:395,0
DA:397,0
DA:398,0
DA:399,0
DA:407,0
DA:412,0
DA:414,0
DA:415,0
DA:417,0
DA:418,0
DA:421,0
DA:425,0
DA:440,0
DA:441,0
DA:443,0
DA:499,0
LF:87
LH:0
BRDA:177,0,0,0
BRDA:177,0,1,0
BRDA:187,1,0,0
BRDA:192,2,0,0
BRDA:192,2,1,0
BRDA:194,3,0,0
BRDA:194,3,1,0
BRDA:202,4,0,0
BRDA:202,4,1,0
BRDA:223,5,0,0
BRDA:223,5,1,0
BRDA:225,6,0,0
BRDA:225,6,1,0
BRDA:227,7,0,0
BRDA:227,7,1,0
BRDA:240,8,0,0
BRDA:240,8,1,0
BRDA:257,9,0,0
BRDA:257,9,1,0
BRDA:258,10,0,0
BRDA:258,10,1,0
BRDA:260,11,0,0
BRDA:260,11,1,0
BRDA:272,12,0,0
BRDA:272,12,1,0
BRDA:272,12,2,0
BRDA:282,13,0,0
BRDA:282,13,1,0
BRDA:282,13,2,0
BRDA:282,13,3,0
BRDA:282,13,4,0
BRDA:282,13,5,0
BRDA:282,13,6,0
BRDA:302,14,0,0
BRDA:302,14,1,0
BRDA:302,15,0,0
BRDA:302,15,1,0
BRDA:304,16,0,0
BRDA:304,16,1,0
BRDA:304,17,0,0
BRDA:304,17,1,0
BRDA:309,18,0,0
BRDA:309,18,1,0
BRDA:309,19,0,0
BRDA:309,19,1,0
BRDA:309,19,2,0
BRDA:316,20,0,0
BRDA:316,20,1,0
BRDA:398,21,0,0
BRDA:398,21,1,0
BRDA:414,22,0,0
BRDA:414,22,1,0
BRDA:417,23,0,0
BRDA:417,23,1,0
BRDA:440,24,0,0
BRDA:440,24,1,0
BRF:56
BRH:0
end_of_record
TN:
SF:src/hierarchy/hierarchy-api.ts
FN:30,(anonymous_9)
FN:99,(anonymous_10)
FN:164,(anonymous_11)
FN:228,(anonymous_12)
FN:283,(anonymous_13)
FN:289,(anonymous_14)
FN:297,(anonymous_15)
FN:330,(anonymous_16)
FN:359,(anonymous_17)
FN:363,(anonymous_18)
FN:366,(anonymous_19)
FN:382,(anonymous_20)
FN:407,(anonymous_21)
FN:428,(anonymous_22)
FN:439,(anonymous_23)
FN:445,(anonymous_24)
FN:452,(anonymous_25)
FN:463,(anonymous_26)
FN:465,(anonymous_27)
FNF:19
FNH:0
FNDA:0,(anonymous_9)
FNDA:0,(anonymous_10)
FNDA:0,(anonymous_11)
FNDA:0,(anonymous_12)
FNDA:0,(anonymous_13)
FNDA:0,(anonymous_14)
FNDA:0,(anonymous_15)
FNDA:0,(anonymous_16)
FNDA:0,(anonymous_17)
FNDA:0,(anonymous_18)
FNDA:0,(anonymous_19)
FNDA:0,(anonymous_20)
FNDA:0,(anonymous_21)
FNDA:0,(anonymous_22)
FNDA:0,(anonymous_23)
FNDA:0,(anonymous_24)
FNDA:0,(anonymous_25)
FNDA:0,(anonymous_26)
FNDA:0,(anonymous_27)
DA:1,0
DA:2,0
DA:3,0
DA:24,0
DA:25,0
DA:37,0
DA:38,0
DA:41,0
DA:42,0
DA:43,0
DA:44,0
DA:49,0
DA:50,0
DA:53,0
DA:54,0
DA:56,0
DA:57,0
DA:62,0
DA:75,0
DA:78,0
DA:87,0
DA:88,0
DA:91,0
DA:92,0
DA:108,0
DA:110,0
DA:114,0
DA:115,0
DA:119,0
DA:120,0
DA:121,0
DA:123,0
DA:127,0
DA:133,0
DA:134,0
DA:138,0
DA:150,0
DA:152,0
DA:153,0
DA:156,0
DA:157,0
DA:165,0
DA:167,0
DA:174,0
DA:175,0
DA:179,0
DA:186,0
DA:187,0
DA:191,0
DA:196,0
DA:204,0
DA:215,0
DA:217,0
DA:220,0
DA:221,0
DA:238,0
DA:239,0
DA:241,0
DA:242,0
DA:263,0
DA:268,0
DA:270,0
DA:272,0
DA:275,0
DA:276,0
DA:288,0
DA:289,0
DA:290,0
DA:292,0
DA:293,0
DA:297,0
DA:304,0
DA:307,0
DA:319,0
DA:322,0
DA:323,0
DA:335,0
DA:336,0
DA:346,0
DA:348,0
DA:351,0
DA:352,0
DA:363,0
DA:364,0
DA:366,0
DA:374,0
DA:383,0
DA:388,0
DA:389,0
DA:392,0
DA:393,0
DA:396,0
DA:401,0
DA:408,0
DA:413,0
DA:414,0
DA:415,0
DA:421,0
DA:429,0
DA:439,0
DA:446,0
DA:453,0
DA:457,0
DA:464,0
DA:465,0
DA:467,0
DA:487,0
DA:497,0
LF:108
LH:0
BRDA:43,0,0,0
BRDA:43,0,1,0
BRDA:49,1,0,0
BRDA:49,1,1,0
BRDA:56,2,0,0
BRDA:56,2,1,0
BRDA:70,3,0,0
BRDA:70,3,1,0
BRDA:114,4,0,0
BRDA:114,4,1,0
BRDA:120,5,0,0
BRDA:120,5,1,0
BRDA:120,6,0,0
BRDA:120,6,1,0
BRDA:133,7,0,0
BRDA:133,7,1,0
BRDA:133,8,0,0
BRDA:133,8,1,0
BRDA:174,9,0,0
BRDA:174,9,1,0
BRDA:186,10,0,0
BRDA:186,10,1,0
BRDA:254,11,0,0
BRDA:254,11,1,0
BRDA:259,12,0,0
BRDA:259,12,1,0
BRDA:292,13,0,0
BRDA:292,13,1,0
BRDA:301,14,0,0
BRDA:301,14,1,0
BRDA:333,15,0,0
BRDA:371,16,0,0
BRDA:371,16,1,0
BRDA:388,17,0,0
BRDA:388,17,1,0
BRDA:392,18,0,0
BRDA:392,18,1,0
BRDA:457,19,0,0
BRDA:457,19,1,0
BRDA:475,20,0,0
BRDA:475,20,1,0
BRDA:476,21,0,0
BRDA:476,21,1,0
BRF:43
BRH:0
end_of_record
TN:
SF:src/hierarchy/hierarchy-middleware.ts
FN:32,(anonymous_0)
FN:33,(anonymous_1)
FN:73,(anonymous_2)
FN:77,(anonymous_3)
FN:154,(anonymous_4)
FN:158,(anonymous_5)
FN:206,(anonymous_6)
FN:207,(anonymous_7)
FN:244,(anonymous_8)
FN:245,(anonymous_9)
FN:295,(anonymous_10)
FN:296,(anonymous_11)
FN:333,(anonymous_12)
FN:346,(anonymous_13)
FNF:14
FNH:0
FNDA:0,(anonymous_0)
FNDA:0,(anonymous_1)
FNDA:0,(anonymous_2)
FNDA:0,(anonymous_3)
FNDA:0,(anonymous_4)
FNDA:0,(anonymous_5)
FNDA:0,(anonymous_6)
FNDA:0,(anonymous_7)
FNDA:0,(anonymous_8)
FNDA:0,(anonymous_9)
FNDA:0,(anonymous_10)
FNDA:0,(anonymous_11)
FNDA:0,(anonymous_12)
FNDA:0,(anonymous_13)
DA:2,0
DA:3,0
DA:4,0
DA:26,0
DA:27,0
DA:33,0
DA:34,0
DA:35,0
DA:36,0
DA:37,0
DA:43,0
DA:44,0
DA:46,0
DA:47,0
DA:54,0
DA:55,0
DA:56,0
DA:58,0
DA:61,0
DA:62,0
DA:77,0
DA:78,0
DA:79,0
DA:80,0
DA:87,0
DA:92,0
DA:93,0
DA:100,0
DA:115,0
DA:116,0
DA:131,0
DA:139,0
DA:142,0
DA:143,0
DA:158,0
DA:159,0
DA:160,0
DA:161,0
DA:167,0
DA:169,0
DA:170,0
DA:180,0
DA:181,0
DA:191,0
DA:194,0
DA:195,0
DA:207,0
DA:208,0
DA:209,0
DA:210,0
DA:216,0
DA:218,0
DA:219,0
DA:229,0
DA:232,0
DA:233,0
DA:245,0
DA:246,0
DA:247,0
DA:248,0
DA:254,0
DA:258,0
DA:259,0
DA:266,0
DA:268,0
DA:269,0
DA:280,0
DA:283,0
DA:284,0
DA:296,0
DA:297,0
DA:298,0
DA:299,0
DA:305,0
DA:307,0
DA:308,0
DA:318,0
DA:321,0
DA:322,0
DA:346,0
DA:347,0
DA:349,0
DA:350,0
DA:357,0
DA:358,0
DA:363,0
DA:372,0
DA:373,0
DA:381,0
DA:382,0
DA:384,0
DA:385,0
DA:391,0
DA:392,0
DA:400,0
DA:401,0
DA:402,0
DA:410,0
DA:411,0
DA:412,0
DA:413,0
DA:420,0
DA:423,0
DA:424,0
LF:104
LH:0
BRDA:36,0,0,0
BRDA:36,0,1,0
BRDA:36,1,0,0
BRDA:36,1,1,0
BRDA:46,2,0,0
BRDA:46,2,1,0
BRDA:75,3,0,0
BRDA:79,4,0,0
BRDA:79,4,1,0
BRDA:87,5,0,0
BRDA:87,5,1,0
BRDA:87,5,2,0
BRDA:87,5,3,0
BRDA:92,6,0,0
BRDA:92,6,1,0
BRDA:115,7,0,0
BRDA:115,7,1,0
BRDA:160,8,0,0
BRDA:160,8,1,0
BRDA:169,9,0,0
BRDA:169,9,1,0
BRDA:180,10,0,0
BRDA:180,10,1,0
BRDA:180,11,0,0
BRDA:180,11,1,0
BRDA:209,12,0,0
BRDA:209,12,1,0
BRDA:218,13,0,0
BRDA:218,13,1,0
BRDA:247,14,0,0
BRDA:247,14,1,0
BRDA:254,15,0,0
BRDA:254,15,1,0
BRDA:254,15,2,0
BRDA:258,16,0,0
BRDA:258,16,1,0
BRDA:266,17,0,0
BRDA:266,17,1,0
BRDA:268,18,0,0
BRDA:268,18,1,0
BRDA:298,19,0,0
BRDA:298,19,1,0
BRDA:307,20,0,0
BRDA:307,20,1,0
BRDA:349,21,0,0
BRDA:349,21,1,0
BRDA:357,22,0,0
BRDA:357,22,1,0
BRDA:358,23,0,0
BRDA:358,23,1,0
BRDA:358,23,2,0
BRDA:358,23,3,0
BRDA:369,24,0,0
BRDA:369,24,1,0
BRDA:372,25,0,0
BRDA:372,25,1,0
BRDA:381,26,0,0
BRDA:381,26,1,0
BRDA:381,27,0,0
BRDA:381,27,1,0
BRDA:384,28,0,0
BRDA:384,28,1,0
BRDA:384,29,0,0
BRDA:384,29,1,0
BRDA:391,30,0,0
BRDA:391,30,1,0
BRDA:391,31,0,0
BRDA:391,31,1,0
BRDA:400,32,0,0
BRDA:400,32,1,0
BRDA:400,33,0,0
BRDA:400,33,1,0
BRDA:401,34,0,0
BRDA:401,34,1,0
BRDA:410,35,0,0
BRDA:410,35,1,0
BRDA:412,36,0,0
BRDA:412,36,1,0
BRF:78
BRH:0
end_of_record
TN:
SF:src/hierarchy/hierarchy-service.ts
FN:27,(anonymous_9)
FN:95,(anonymous_10)
FN:117,(anonymous_11)
FN:147,(anonymous_12)
FN:197,(anonymous_13)
FN:232,(anonymous_14)
FN:322,(anonymous_15)
FN:384,(anonymous_16)
FN:399,(anonymous_17)
FN:438,(anonymous_18)
FN:447,(anonymous_19)
FN:456,(anonymous_20)
FN:478,(anonymous_21)
FN:484,(anonymous_22)
FN:506,(anonymous_23)
FN:526,(anonymous_24)
FN:535,(anonymous_25)
FN:540,(anonymous_26)
FN:549,(anonymous_27)
FNF:19
FNH:0
FNDA:0,(anonymous_9)
FNDA:0,(anonymous_10)
FNDA:0,(anonymous_11)
FNDA:0,(anonymous_12)
FNDA:0,(anonymous_13)
FNDA:0,(anonymous_14)
FNDA:0,(anonymous_15)
FNDA:0,(anonymous_16)
FNDA:0,(anonymous_17)
FNDA:0,(anonymous_18)
FNDA:0,(anonymous_19)
FNDA:0,(anonymous_20)
FNDA:0,(anonymous_21)
FNDA:0,(anonymous_22)
FNDA:0,(anonymous_23)
FNDA:0,(anonymous_24)
FNDA:0,(anonymous_25)
FNDA:0,(anonymous_26)
FNDA:0,(anonymous_27)
DA:1,0
DA:2,0
DA:3,0
DA:4,0
DA:21,0
DA:22,0
DA:57,0
DA:58,0
DA:61,0
DA:69,0
DA:70,0
DA:74,0
DA:75,0
DA:76,0
DA:77,0
DA:84,0
DA:89,0
DA:90,0
DA:91,0
DA:93,0
DA:94,0
DA:95,0
DA:96,0
DA:97,0
DA:101,0
DA:108,0
DA:113,0
DA:114,0
DA:115,0
DA:117,0
DA:118,0
DA:119,0
DA:120,0
DA:123,0
DA:130,0
DA:134,0
DA:136,0
DA:139,0
DA:140,0
DA:164,0
DA:166,0
DA:174,0
DA:184,0
DA:186,0
DA:189,0
DA:190,0
DA:201,0
DA:202,0
DA:204,0
DA:205,0
DA:209,0
DA:211,0
DA:212,0
DA:218,0
DA:221,0
DA:224,0
DA:225,0
DA:255,0
DA:256,0
DA:259,0
DA:260,0
DA:262,0
DA:263,0
DA:267,0
DA:270,0
DA:271,0
DA:273,0
DA:274,0
DA:276,0
DA:277,0
DA:286,0
DA:298,0
DA:306,0
DA:314,0
DA:315,0
DA:345,0
DA:347,0
DA:348,0
DA:349,0
DA:350,0
DA:351,0
DA:354,0
DA:362,0
DA:364,0
DA:376,0
DA:377,0
DA:396,0
DA:399,0
DA:400,0
DA:401,0
DA:411,0
DA:412,0
DA:422,0
DA:423,0
DA:432,0
DA:447,0
DA:448,0
DA:450,0
DA:451,0
DA:452,0
DA:455,0
DA:456,0
DA:457,0
DA:460,0
DA:464,0
DA:467,0
DA:468,0
DA:478,0
DA:485,0
DA:487,0
DA:488,0
DA:490,0
DA:491,0
DA:493,0
DA:494,0
DA:496,0
DA:497,0
DA:500,0
DA:507,0
DA:509,0
DA:510,0
DA:511,0
DA:513,0
DA:514,0
DA:515,0
DA:517,0
DA:518,0
DA:519,0
DA:522,0
DA:527,0
DA:528,0
DA:529,0
DA:531,0
DA:537,0
DA:541,0
DA:542,0
DA:543,0
DA:545,0
DA:551,0
LF:139
LH:0
BRDA:69,0,0,0
BRDA:69,0,1,0
BRDA:75,1,0,0
BRDA:75,1,1,0
BRDA:90,2,0,0
BRDA:90,2,1,0
BRDA:94,3,0,0
BRDA:94,3,1,0
BRDA:96,4,0,0
BRDA:96,4,1,0
BRDA:114,5,0,0
BRDA:114,5,1,0
BRDA:118,6,0,0
BRDA:118,6,1,0
BRDA:180,7,0,0
BRDA:180,7,1,0
BRDA:199,8,0,0
BRDA:204,9,0,0
BRDA:204,9,1,0
BRDA:262,10,0,0
BRDA:262,10,1,0
BRDA:276,11,0,0
BRDA:276,11,1,0
BRDA:400,12,0,0
BRDA:400,12,1,0
BRDA:411,13,0,0
BRDA:411,13,1,0
BRDA:422,14,0,0
BRDA:422,14,1,0
BRDA:422,15,0,0
BRDA:422,15,1,0
BRDA:457,16,0,0
BRDA:457,16,1,0
BRDA:457,17,0,0
BRDA:457,17,1,0
BRDA:457,17,2,0
BRDA:467,18,0,0
BRDA:467,18,1,0
BRDA:467,19,0,0
BRDA:467,19,1,0
BRDA:487,20,0,0
BRDA:487,20,1,0
BRDA:490,21,0,0
BRDA:490,21,1,0
BRDA:493,22,0,0
BRDA:493,22,1,0
BRDA:496,23,0,0
BRDA:496,23,1,0
BRDA:509,24,0,0
BRDA:509,24,1,0
BRDA:513,25,0,0
BRDA:513,25,1,0
BRDA:517,26,0,0
BRDA:517,26,1,0
BRF:54
BRH:0
end_of_record
TN:
SF:src/hierarchy/index.ts
FN:21,(anonymous_9)
FN:24,(anonymous_10)
FN:25,(anonymous_11)
FN:26,(anonymous_12)
FN:27,(anonymous_13)
FN:28,(anonymous_14)
FN:33,initializeHierarchySystem
FN:34,(anonymous_16)
FN:75,(anonymous_17)
FN:80,(anonymous_18)
FN:95,(anonymous_19)
FN:100,(anonymous_20)
FN:115,(anonymous_21)
FN:120,(anonymous_22)
FN:135,(anonymous_23)
FN:140,(anonymous_24)
FN:155,(anonymous_25)
FN:162,(anonymous_26)
FN:169,(anonymous_27)
FN:176,(anonymous_28)
FN:203,(anonymous_29)
FN:271,createHierarchyRouter
FN:281,(anonymous_31)
FN:297,(anonymous_32)
FN:313,(anonymous_33)
FN:330,(anonymous_34)
FNF:26
FNH:0
FNDA:0,(anonymous_9)
FNDA:0,(anonymous_10)
FNDA:0,(anonymous_11)
FNDA:0,(anonymous_12)
FNDA:0,(anonymous_13)
FNDA:0,(anonymous_14)
FNDA:0,initializeHierarchySystem
FNDA:0,(anonymous_16)
FNDA:0,(anonymous_17)
FNDA:0,(anonymous_18)
FNDA:0,(anonymous_19)
FNDA:0,(anonymous_20)
FNDA:0,(anonymous_21)
FNDA:0,(anonymous_22)
FNDA:0,(anonymous_23)
FNDA:0,(anonymous_24)
FNDA:0,(anonymous_25)
FNDA:0,(anonymous_26)
FNDA:0,(anonymous_27)
FNDA:0,(anonymous_28)
FNDA:0,(anonymous_29)
FNDA:0,createHierarchyRouter
FNDA:0,(anonymous_31)
FNDA:0,(anonymous_32)
FNDA:0,(anonymous_33)
FNDA:0,(anonymous_34)
DA:21,0
DA:24,0
DA:25,0
DA:26,0
DA:27,0
DA:28,0
DA:33,0
DA:34,0
DA:35,0
DA:37,0
DA:38,0
DA:40,0
DA:41,0
DA:63,0
DA:64,0
DA:71,0
DA:80,0
DA:81,0
DA:89,0
DA:100,0
DA:101,0
DA:109,0
DA:120,0
DA:121,0
DA:129,0
DA:140,0
DA:141,0
DA:149,0
DA:156,0
DA:163,0
DA:170,0
DA:195,0
DA:202,0
DA:203,0
DA:206,0
DA:215,0
DA:216,0
DA:217,0
DA:225,0
DA:226,0
DA:227,0
DA:228,0
DA:235,0
DA:239,0
DA:240,0
DA:241,0
DA:242,0
DA:249,0
DA:252,0
DA:253,0
DA:259,0
DA:271,0
DA:272,0
DA:273,0
DA:279,0
DA:282,0
DA:287,0
DA:288,0
DA:290,0
DA:296,0
DA:298,0
DA:303,0
DA:304,0
DA:306,0
DA:312,0
DA:314,0
DA:316,0
DA:317,0
DA:319,0
DA:325,0
DA:331,0
DA:333,0
DA:334,0
DA:336,0
DA:341,0
LF:75
LH:0
BRDA:78,0,0,0
BRDA:98,1,0,0
BRDA:118,2,0,0
BRDA:138,3,0,0
BRDA:156,4,0,0
BRDA:156,4,1,0
BRDA:163,5,0,0
BRDA:163,5,1,0
BRDA:170,6,0,0
BRDA:170,6,1,0
BRDA:212,7,0,0
BRDA:212,7,1,0
BRDA:216,8,0,0
BRDA:216,8,1,0
BRDA:225,9,0,0
BRDA:225,9,1,0
BRDA:227,10,0,0
BRDA:227,10,1,0
BRDA:239,11,0,0
BRDA:239,11,1,0
BRDA:241,12,0,0
BRDA:241,12,1,0
BRF:22
BRH:0
end_of_record
TN:
SF:src/hierarchy/jwt-extension.ts
FN:27,(anonymous_0)
FN:104,(anonymous_1)
FN:134,(anonymous_2)
FN:180,(anonymous_3)
FN:225,(anonymous_4)
FN:241,(anonymous_5)
FN:275,(anonymous_6)
FN:276,(anonymous_7)
FNF:8
FNH:0
FNDA:0,(anonymous_0)
FNDA:0,(anonymous_1)
FNDA:0,(anonymous_2)
FNDA:0,(anonymous_3)
FNDA:0,(anonymous_4)
FNDA:0,(anonymous_5)
FNDA:0,(anonymous_6)
FNDA:0,(anonymous_7)
DA:1,0
DA:2,0
DA:4,0
DA:21,0
DA:22,0
DA:40,0
DA:41,0
DA:47,0
DA:48,0
DA:49,0
DA:53,0
DA:54,0
DA:55,0
DA:59,0
DA:79,0
DA:81,0
DA:83,0
DA:89,0
DA:96,0
DA:97,0
DA:108,0
DA:110,0
DA:126,0
DA:127,0
DA:139,0
DA:174,0
DA:184,0
DA:186,0
DA:187,0
DA:188,0
DA:192,0
DA:196,0
DA:197,0
DA:198,0
DA:202,0
DA:214,0
DA:217,0
DA:218,0
DA:229,0
DA:231,0
DA:233,0
DA:234,0
DA:242,0
DA:243,0
DA:244,0
DA:245,0
DA:249,0
DA:250,0
DA:251,0
DA:253,0
DA:261,0
DA:264,0
DA:267,0
DA:268,0
DA:276,0
DA:277,0
DA:278,0
DA:279,0
DA:280,0
DA:283,0
DA:284,0
DA:286,0
DA:287,0
DA:291,0
DA:292,0
DA:293,0
DA:295,0
DA:298,0
DA:299,0
LF:69
LH:0
BRDA:48,0,0,0
BRDA:48,0,1,0
BRDA:54,1,0,0
BRDA:54,1,1,0
BRDA:66,2,0,0
BRDA:66,2,1,0
BRDA:174,3,0,0
BRDA:174,3,1,0
BRDA:187,4,0,0
BRDA:187,4,1,0
BRDA:192,5,0,0
BRDA:192,5,1,0
BRDA:192,5,2,0
BRDA:196,6,0,0
BRDA:196,6,1,0
BRDA:205,7,0,0
BRDA:205,7,1,0
BRDA:209,8,0,0
BRDA:209,8,1,0
BRDA:210,9,0,0
BRDA:210,9,1,0
BRDA:244,10,0,0
BRDA:244,10,1,0
BRDA:250,11,0,0
BRDA:250,11,1,0
BRDA:279,12,0,0
BRDA:279,12,1,0
BRDA:279,13,0,0
BRDA:279,13,1,0
BRDA:286,14,0,0
BRDA:286,14,1,0
BRF:31
BRH:0
end_of_record
TN:
SF:src/hierarchy/permission-manager.ts
FN:33,(anonymous_0)
FN:46,(anonymous_1)
FN:82,(anonymous_2)
FN:98,(anonymous_3)
FN:114,(anonymous_4)
FNF:5
FNH:0
FNDA:0,(anonymous_0)
FNDA:0,(anonymous_1)
FNDA:0,(anonymous_2)
FNDA:0,(anonymous_3)
FNDA:0,(anonymous_4)
DA:2,0
DA:3,0
DA:25,0
DA:26,0
DA:27,0
DA:28,0
DA:34,0
DA:35,0
DA:38,0
DA:40,0
DA:49,0
DA:50,0
DA:52,0
DA:63,0
DA:71,0
DA:72,0
DA:86,0
DA:88,0
DA:90,0
DA:91,0
DA:102,0
DA:104,0
DA:106,0
DA:107,0
DA:117,0
DA:119,0
DA:121,0
DA:122,0
LF:28
LH:0
BRDA:34,0,0,0
BRDA:34,0,1,0
BRDA:36,1,0,0
BRDA:36,1,1,0
BRDA:36,2,0,0
BRDA:36,2,1,0
BRDA:36,3,0,0
BRDA:36,3,1,0
BRDA:100,4,0,0
BRF:9
BRH:0
end_of_record
TN:
SF:src/hierarchy/types.ts
FNF:0
FNH:0
DA:161,0
LF:1
LH:0
BRF:0
BRH:0
end_of_record
TN:
SF:src/i18n/config.ts
[...]
BRF:12
BRH:0
end_of_record
TN:
SF:src/seven-integration/token-optimization/project-adapters/member-adapter.ts
FN:13,(anonymous_0)
FN:34,(anonymous_1)
FN:49,(anonymous_2)
FN:64,(anonymous_3)
FN:77,(anonymous_4)
FN:90,(anonymous_5)
FN:101,(anonymous_6)
FN:112,(anonymous_7)
FNF:8
FNH:0
FNDA:0,(anonymous_0)
FNDA:0,(anonymous_1)
FNDA:0,(anonymous_2)
FNDA:0,(anonymous_3)
FNDA:0,(anonymous_4)
FNDA:0,(anonymous_5)
FNDA:0,(anonymous_6)
FNDA:0,(anonymous_7)
DA:1,0
DA:9,0
DA:14,0
DA:31,0
DA:39,0
DA:40,0
DA:42,0
DA:54,0
DA:55,0
DA:57,0
DA:65,0
DA:73,0
DA:74,0
DA:78,0
DA:86,0
DA:87,0
DA:91,0
DA:102,0
DA:118,0
LF:19
LH:0
BRDA:73,0,0,0
BRDA:73,0,1,0
BRDA:86,1,0,0
BRDA:86,1,1,0
BRF:4
BRH:0
end_of_record
TN:
SF:src/standards/api-response-standards.ts
FN:33,(anonymous_0)
FN:67,(anonymous_1)
FN:80,(anonymous_2)
FN:100,(anonymous_3)
FN:120,(anonymous_4)
FN:134,(anonymous_5)
FN:147,(anonymous_6)
FN:161,(anonymous_7)
FN:172,(anonymous_8)
FN:182,(anonymous_9)
FN:192,(anonymous_10)
FN:202,(anonymous_11)
FN:219,(anonymous_12)
FNF:13
FNH:0
FNDA:0,(anonymous_0)
FNDA:0,(anonymous_1)
FNDA:0,(anonymous_2)
FNDA:0,(anonymous_3)
FNDA:0,(anonymous_4)
FNDA:0,(anonymous_5)
FNDA:0,(anonymous_6)
FNDA:0,(anonymous_7)
FNDA:0,(anonymous_8)
FNDA:0,(anonymous_9)
FNDA:0,(anonymous_10)
FNDA:0,(anonymous_11)
FNDA:0,(anonymous_12)
DA:33,0
DA:35,0
DA:36,0
DA:37,0
DA:40,0
DA:41,0
DA:42,0
DA:45,0
DA:46,0
DA:47,0
DA:50,0
DA:51,0
DA:52,0
DA:55,0
DA:56,0
DA:57,0
DA:63,0
DA:68,0
DA:85,0
DA:105,0
DA:107,0
DA:121,0
DA:122,0
DA:123,0
DA:130,0
DA:140,0
DA:141,0
DA:154,0
DA:155,0
DA:166,0
DA:176,0
DA:186,0
DA:196,0
DA:207,0
DA:214,0
DA:225,0
DA:226,0
DA:227,0
DA:228,0
DA:229,0
DA:236,0
LF:41
LH:0
BRDA:33,0,0,0
BRDA:33,0,1,0
BRDA:137,1,0,0
BRDA:151,2,0,0
BRDA:163,3,0,0
BRDA:174,4,0,0
BRDA:184,5,0,0
BRDA:194,6,0,0
BRDA:204,7,0,0
BRDA:221,8,0,0
BRDA:222,9,0,0
BRF:11
BRH:0
end_of_record
TN:
SF:src/standards/api-standards.ts
FN:90,(anonymous_0)
FN:104,(anonymous_1)
FN:139,(anonymous_2)
FN:166,(anonymous_3)
FN:179,(anonymous_4)
FN:194,(anonymous_5)
FN:209,(anonymous_6)
FN:224,(anonymous_7)
FN:239,(anonymous_8)
FN:254,(anonymous_9)
FNF:10
FNH:0
FNDA:0,(anonymous_0)
FNDA:0,(anonymous_1)
FNDA:0,(anonymous_2)
FNDA:0,(anonymous_3)
FNDA:0,(anonymous_4)
FNDA:0,(anonymous_5)
FNDA:0,(anonymous_6)
FNDA:0,(anonymous_7)
FNDA:0,(anonymous_8)
FNDA:0,(anonymous_9)
DA:4,0
DA:9,0
DA:47,0
DA:86,0
DA:91,0
DA:98,0
DA:112,0
DA:128,0
DA:145,0
DA:151,0
DA:172,0
DA:173,0
DA:183,0
DA:198,0
DA:213,0
DA:228,0
DA:243,0
DA:258,0
DA:270,0
DA:286,0
DA:319,0
LF:21
LH:0
BRDA:90,0,0,0
BRDA:110,1,0,0
BRDA:143,2,0,0
BRDA:194,3,0,0
BRDA:209,4,0,0
BRDA:254,5,0,0
BRF:6
BRH:0
end_of_record
TN:
SF:src/standards/index.ts
FNF:0
FNH:0
DA:3,0
LF:1
LH:0
BRF:0
BRH:0
end_of_record
TN:
SF:src/test/i18n-test.ts
FN:19,testActualI18n
FN:50,testManualTranslation
FN:63,(anonymous_2)
FN:79,testFileSystemAccess
FN:115,runTests
FN:136,(anonymous_5)
FNF:6
FNH:0
FNDA:0,testActualI18n
FNDA:0,testManualTranslation
FNDA:0,(anonymous_2)
FNDA:0,testFileSystemAccess
FNDA:0,runTests
FNDA:0,(anonymous_5)
DA:13,0
DA:20,0
DA:22,0
DA:23,0
DA:26,0
DA:27,0
DA:28,0
DA:31,0
DA:32,0
DA:33,0
DA:34,0
DA:37,0
DA:38,0
DA:39,0
DA:40,0
DA:42,0
DA:45,0
DA:51,0
DA:54,0
DA:62,0
DA:63,0
DA:64,0
DA:68,0
DA:69,0
DA:70,0
DA:73,0
DA:74,0
DA:75,0
DA:80,0
DA:82,0
DA:84,0
DA:85,0
DA:87,0
DA:88,0
DA:90,0
DA:91,0
DA:92,0
DA:93,0
DA:94,0
DA:96,0
DA:97,0
DA:98,0
DA:99,0
DA:100,0
DA:101,0
DA:103,0
DA:104,0
DA:107,0
DA:109,0
DA:110,0
DA:116,0
DA:119,0
DA:121,0
DA:124,0
DA:126,0
DA:129,0
DA:131,0
DA:135,0
DA:136,0
DA:137,0
DA:138,0
DA:142,0
LF:62
LH:0
BRDA:101,0,0,0
BRDA:101,0,1,0
BRDA:135,1,0,0
BRDA:135,1,1,0
BRF:4
BRH:0
end_of_record
TN:
SF:src/translation/deepl-service.ts
FN:8,(anonymous_0)
FN:16,(anonymous_1)
FN:28,(anonymous_2)
FN:62,(anonymous_3)
FN:77,(anonymous_4)
FN:86,(anonymous_5)
FN:122,(anonymous_6)
FN:132,(anonymous_7)
FN:161,(anonymous_8)
FNF:9
FNH:0
FNDA:0,(anonymous_0)
FNDA:0,(anonymous_1)
FNDA:0,(anonymous_2)
FNDA:0,(anonymous_3)
FNDA:0,(anonymous_4)
FNDA:0,(anonymous_5)
FNDA:0,(anonymous_6)
FNDA:0,(anonymous_7)
FNDA:0,(anonymous_8)
DA:4,0
DA:6,0
DA:9,0
DA:10,0
DA:11,0
DA:17,0
DA:24,0
DA:33,0
DA:34,0
DA:37,0
DA:38,0
DA:39,0
DA:41,0
DA:56,0
DA:57,0
DA:60,0
DA:62,0
DA:71,0
DA:72,0
DA:82,0
DA:90,0
DA:122,0
DA:137,0
DA:140,0
DA:141,0
DA:145,0
DA:146,0
DA:150,0
DA:151,0
DA:154,0
DA:163,0
DA:168,0
LF:32
LH:0
BRDA:9,0,0,0
BRDA:9,0,1,0
BRDA:9,0,2,0
BRDA:10,1,0,0
BRDA:10,1,1,0
BRDA:31,2,0,0
BRDA:33,3,0,0
BRDA:33,3,1,0
BRDA:56,4,0,0
BRDA:56,4,1,0
BRDA:64,5,0,0
BRDA:64,5,1,0
BRDA:124,6,0,0
BRDA:124,6,1,0
BRDA:140,7,0,0
BRDA:140,7,1,0
BRDA:145,8,0,0
BRDA:145,8,1,0
BRDA:150,9,0,0
BRDA:150,9,1,0
BRDA:150,10,0,0
BRDA:150,10,1,0
BRF:22
BRH:0
end_of_record
TN:
SF:src/types/api.ts
FNF:0
FNH:0
DA:6,0
LF:1
LH:0
BRF:0
BRH:0
end_of_record
TN:
SF:src/ui/icons/index.ts
FN:6,(anonymous_5)
FN:7,(anonymous_6)
FN:10,(anonymous_7)
FN:10,(anonymous_8)
FN:10,(anonymous_9)
FN:10,(anonymous_10)
FN:11,(anonymous_11)
FN:11,(anonymous_12)
FN:14,(anonymous_13)
FN:14,(anonymous_14)
FN:14,(anonymous_15)
FN:27,(anonymous_16)
FNF:12
FNH:0
FNDA:0,(anonymous_5)
FNDA:0,(anonymous_6)
FNDA:0,(anonymous_7)
FNDA:0,(anonymous_8)
FNDA:0,(anonymous_9)
FNDA:0,(anonymous_10)
FNDA:0,(anonymous_11)
FNDA:0,(anonymous_12)
FNDA:0,(anonymous_13)
FNDA:0,(anonymous_14)
FNDA:0,(anonymous_15)
FNDA:0,(anonymous_16)
DA:6,0
DA:7,0
DA:10,0
DA:11,0
DA:14,0
DA:17,0
DA:23,0
DA:24,0
DA:26,0
DA:28,0
DA:29,0
LF:11
LH:0
BRF:0
BRH:0
end_of_record
TN:
SF:src/ui/icons/components/Icon.ts
FN:18,getSizeInPixels
FN:32,getColorValue
FN:74,(anonymous_2)
FN:76,(anonymous_3)
FN:79,(anonymous_4)
FN:82,(anonymous_5)
FN:85,(anonymous_6)
FN:94,(anonymous_7)
FN:98,(anonymous_8)
FNF:9
FNH:0
FNDA:0,getSizeInPixels
FNDA:0,getColorValue
FNDA:0,(anonymous_2)
FNDA:0,(anonymous_3)
FNDA:0,(anonymous_4)
FNDA:0,(anonymous_5)
FNDA:0,(anonymous_6)
FNDA:0,(anonymous_7)
FNDA:0,(anonymous_8)
DA:6,0
DA:7,0
DA:9,0
DA:10,0
DA:19,0
DA:20,0
DA:23,0
DA:33,0
DA:39,0
DA:76,0
DA:79,0
DA:82,0
DA:85,0
DA:94,0
DA:95,0
DA:98,0
LF:16
LH:0
BRDA:19,0,0,0
BRDA:19,0,1,0
BRDA:23,1,0,0
BRDA:23,1,1,0
BRDA:33,2,0,0
BRDA:33,2,1,0
BRF:6
BRH:0
end_of_record
TN:
SF:src/ui/icons/components/SystemIcon.ts
FN:23,(anonymous_1)
FN:47,(anonymous_2)
FN:49,(anonymous_3)
FN:51,(anonymous_4)
FNF:4
FNH:0
FNDA:0,(anonymous_1)
FNDA:0,(anonymous_2)
FNDA:0,(anonymous_3)
FNDA:0,(anonymous_4)
DA:7,0
DA:9,0
DA:10,0
DA:15,0
DA:24,0
DA:49,0
DA:51,0
LF:7
LH:0
BRF:0
BRH:0
end_of_record
TN:
SF:src/ui/icons/constants/iconSets.ts
FNF:0
FNH:0
DA:13,0
DA:46,0
DA:51,0
DA:63,0
LF:4
LH:0
BRF:0
BRH:0
end_of_record
TN:
SF:src/ui/icons/constants/systemIcons.ts
FNF:0
FNH:0
DA:12,0
DA:38,0
LF:2
LH:0
BRF:0
BRH:0
end_of_record
TN:
SF:src/ui/icons/utils/iconLoader.ts
FN:17,getFullIconName
FN:37,preloadIcons
FN:41,(anonymous_2)
FN:43,(anonymous_3)
FN:58,iconExists
FNF:5
FNH:0
FNDA:0,getFullIconName
FNDA:0,preloadIcons
FNDA:0,(anonymous_2)
FNDA:0,(anonymous_3)
FNDA:0,iconExists
DA:6,0
DA:8,0
DA:17,0
DA:19,0
DA:20,0
DA:24,0
DA:25,0
DA:28,0
DA:37,0
DA:41,0
DA:42,0
DA:43,0
DA:44,0
DA:48,0
DA:58,0
DA:62,0
DA:64,0
DA:65,0
DA:66,0
DA:68,0
LF:20
LH:0
BRDA:17,0,0,0
BRDA:19,1,0,0
BRDA:19,1,1,0
BRDA:25,2,0,0
BRDA:25,2,1,0
BRDA:39,3,0,0
BRDA:60,4,0,0
BRF:7
BRH:0
end_of_record
TN:
SF:src/utils/dev-token-generator.ts
FN:17,(anonymous_9)
FN:45,(anonymous_10)
FN:73,(anonymous_11)
FN:101,(anonymous_12)
FN:112,(anonymous_13)
FNF:5
FNH:0
FNDA:0,(anonymous_9)
FNDA:0,(anonymous_10)
FNDA:0,(anonymous_11)
FNDA:0,(anonymous_12)
FNDA:0,(anonymous_13)
DA:1,0
DA:2,0
DA:4,0
DA:6,0
DA:12,0
DA:18,0
DA:39,0
DA:46,0
DA:67,0
DA:74,0
DA:95,0
DA:102,0
DA:103,0
DA:105,0
DA:113,0
DA:114,0
DA:115,0
DA:117,0
DA:118,0
DA:119,0
DA:120,0
DA:121,0
DA:122,0
DA:123,0
DA:124,0
DA:125,0
DA:126,0
DA:127,0
DA:128,0
DA:129,0
DA:130,0
DA:131,0
DA:136,0
DA:137,0
DA:138,0
DA:141,0
LF:36
LH:0
BRDA:6,0,0,0
BRDA:6,0,1,0
BRDA:17,1,0,0
BRDA:45,2,0,0
BRDA:73,3,0,0
BRDA:105,4,0,0
BRDA:105,4,1,0
BRDA:112,5,0,0
BRDA:136,6,0,0
BRDA:136,6,1,0
BRDA:137,7,0,0
BRDA:137,7,1,0
BRF:12
BRH:0
end_of_record
TN:
SF:src/utils/error-helper.ts
FN:12,toError
FN:24,getErrorMessage
FN:36,createErrorLogOption
FN:47,getErrorStack
FN:59,getErrorDetails
FNF:5
FNH:0
FNDA:0,toError
FNDA:0,getErrorMessage
FNDA:0,createErrorLogOption
FNDA:0,getErrorStack
FNDA:0,getErrorDetails
DA:12,0
DA:13,0
DA:14,0
DA:16,0
DA:24,0
DA:25,0
DA:26,0
DA:28,0
DA:36,0
DA:37,0
DA:47,0
DA:48,0
DA:49,0
DA:51,0
DA:59,0
DA:60,0
DA:61,0
DA:66,0
DA:67,0
DA:71,0
DA:72,0
DA:73,0
DA:77,0
DA:80,0
LF:24
LH:0
BRDA:13,0,0,0
BRDA:13,0,1,0
BRDA:25,1,0,0
BRDA:25,1,1,0
BRDA:48,2,0,0
BRDA:48,2,1,0
BRDA:60,3,0,0
BRDA:60,3,1,0
BRDA:66,4,0,0
BRDA:66,4,1,0
BRDA:72,5,0,0
BRDA:72,5,1,0
BRDA:72,6,0,0
BRDA:72,6,1,0
BRDA:72,6,2,0
BRF:15
BRH:0
end_of_record
TN:
SF:src/utils/logger.ts
FN:1,(anonymous_9)
FN:49,(anonymous_10)
FN:67,(anonymous_11)
FN:77,(anonymous_12)
FN:107,(anonymous_13)
FN:162,(anonymous_14)
FN:175,(anonymous_15)
FN:177,(anonymous_16)
FN:188,(anonymous_17)
FN:195,(anonymous_18)
FN:202,(anonymous_19)
FN:227,(anonymous_20)
FN:258,(anonymous_21)
FN:270,(anonymous_22)
FN:281,(anonymous_23)
FNF:15
FNH:0
FNDA:0,(anonymous_9)
FNDA:0,(anonymous_10)
FNDA:0,(anonymous_11)
FNDA:0,(anonymous_12)
FNDA:0,(anonymous_13)
FNDA:0,(anonymous_14)
FNDA:0,(anonymous_15)
FNDA:0,(anonymous_16)
FNDA:0,(anonymous_17)
FNDA:0,(anonymous_18)
FNDA:0,(anonymous_19)
FNDA:0,(anonymous_20)
FNDA:0,(anonymous_21)
FNDA:0,(anonymous_22)
FNDA:0,(anonymous_23)
DA:1,0
DA:2,0
DA:3,0
DA:4,0
DA:5,0
DA:45,0
DA:47,0
DA:50,0
DA:59,0
DA:60,0
DA:68,0
DA:69,0
DA:71,0
DA:78,0
DA:80,0
DA:89,0
DA:90,0
DA:94,0
DA:95,0
DA:99,0
DA:100,0
DA:108,0
DA:109,0
DA:110,0
DA:112,0
DA:113,0
DA:114,0
DA:116,0
DA:118,0
DA:119,0
DA:122,0
DA:123,0
DA:126,0
DA:127,0
DA:130,0
DA:132,0
DA:133,0
DA:136,0
DA:137,0
DA:138,0
DA:139,0
DA:143,0
DA:145,0
DA:146,0
DA:148,0
DA:149,0
DA:151,0
DA:152,0
DA:154,0
DA:155,0
DA:163,0
DA:164,0
DA:165,0
DA:166,0
DA:168,0
DA:176,0
DA:177,0
DA:178,0
DA:179,0
DA:181,0
DA:189,0
DA:196,0
DA:203,0
DA:206,0
DA:207,0
DA:209,0
DA:210,0
DA:212,0
DA:215,0
DA:219,0
DA:228,0
DA:231,0
DA:232,0
DA:234,0
DA:235,0
DA:237,0
DA:240,0
DA:241,0
DA:248,0
DA:252,0
DA:259,0
DA:271,0
DA:282,0
DA:291,0
LF:84
LH:0
BRDA:1,0,0,0
BRDA:1,0,1,0
BRDA:49,1,0,0
BRDA:59,2,0,0
BRDA:59,2,1,0
BRDA:59,3,0,0
BRDA:59,3,1,0
BRDA:68,4,0,0
BRDA:68,4,1,0
BRDA:77,5,0,0
BRDA:78,6,0,0
BRDA:78,6,1,0
BRDA:89,7,0,0
BRDA:89,7,1,0
BRDA:94,8,0,0
BRDA:94,8,1,0
BRDA:94,9,0,0
BRDA:94,9,1,0
BRDA:99,10,0,0
BRDA:99,10,1,0
BRDA:118,11,0,0
BRDA:118,11,1,0
BRDA:122,12,0,0
BRDA:122,12,1,0
BRDA:126,13,0,0
BRDA:126,13,1,0
BRDA:132,14,0,0
BRDA:132,14,1,0
BRDA:136,15,0,0
BRDA:136,15,1,0
BRDA:138,16,0,0
BRDA:138,16,1,0
BRDA:143,17,0,0
BRDA:143,17,1,0
BRDA:143,17,2,0
BRDA:143,17,3,0
BRDA:206,18,0,0
BRDA:206,18,1,0
BRDA:207,19,0,0
BRDA:207,19,1,0
BRDA:210,20,0,0
BRDA:210,20,1,0
BRDA:231,21,0,0
BRDA:231,21,1,0
BRDA:232,22,0,0
BRDA:232,22,1,0
BRDA:235,23,0,0
BRDA:235,23,1,0
BRDA:240,24,0,0
BRDA:240,24,1,0
BRDA:240,25,0,0
BRDA:240,25,1,0
BRF:52
BRH:0
end_of_record
TN:
SF:src/utils/redis.ts
FN:17,(anonymous_9)
FN:42,(anonymous_10)
FN:52,(anonymous_11)
FN:62,(anonymous_12)
FN:63,(anonymous_13)
FN:67,(anonymous_14)
FN:71,(anonymous_15)
FN:80,(anonymous_16)
FN:87,(anonymous_17)
FN:99,(anonymous_18)
FN:123,(anonymous_19)
FN:133,(anonymous_20)
FN:144,(anonymous_21)
FN:160,(anonymous_22)
FN:175,(anonymous_23)
FN:194,(anonymous_24)
FN:204,(anonymous_25)
FN:214,(anonymous_26)
FN:224,(anonymous_27)
FN:234,(anonymous_28)
FN:253,(anonymous_29)
FN:267,(anonymous_30)
FN:277,(anonymous_31)
FN:288,(anonymous_32)
FN:298,(anonymous_33)
FN:308,(anonymous_34)
FN:321,getRedisClient
FNF:27
FNH:0
FNDA:0,(anonymous_9)
FNDA:0,(anonymous_10)
FNDA:0,(anonymous_11)
FNDA:0,(anonymous_12)
FNDA:0,(anonymous_13)
FNDA:0,(anonymous_14)
FNDA:0,(anonymous_15)
FNDA:0,(anonymous_16)
FNDA:0,(anonymous_17)
FNDA:0,(anonymous_18)
FNDA:0,(anonymous_19)
FNDA:0,(anonymous_20)
FNDA:0,(anonymous_21)
FNDA:0,(anonymous_22)
FNDA:0,(anonymous_23)
FNDA:0,(anonymous_24)
FNDA:0,(anonymous_25)
FNDA:0,(anonymous_26)
FNDA:0,(anonymous_27)
FNDA:0,(anonymous_28)
FNDA:0,(anonymous_29)
FNDA:0,(anonymous_30)
FNDA:0,(anonymous_31)
FNDA:0,(anonymous_32)
FNDA:0,(anonymous_33)
FNDA:0,(anonymous_34)
FNDA:0,getRedisClient
DA:1,0
DA:12,0
DA:15,0
DA:18,0
DA:27,0
DA:36,0
DA:43,0
DA:44,0
DA:45,0
DA:53,0
DA:54,0
DA:55,0
DA:63,0
DA:64,0
DA:67,0
DA:68,0
DA:71,0
DA:72,0
DA:73,0
DA:81,0
DA:88,0
DA:90,0
DA:91,0
DA:93,0
DA:100,0
DA:102,0
DA:103,0
DA:105,0
DA:107,0
DA:108,0
DA:110,0
DA:111,0
DA:112,0
DA:113,0
DA:115,0
DA:116,0
DA:124,0
DA:126,0
DA:127,0
DA:134,0
DA:135,0
DA:136,0
DA:137,0
DA:145,0
DA:147,0
DA:148,0
DA:150,0
DA:151,0
DA:153,0
DA:161,0
DA:163,0
DA:165,0
DA:166,0
DA:168,0
DA:176,0
DA:178,0
DA:179,0
DA:181,0
DA:183,0
DA:184,0
DA:186,0
DA:187,0
DA:195,0
DA:197,0
DA:198,0
DA:205,0
DA:207,0
DA:208,0
DA:215,0
DA:217,0
DA:218,0
DA:225,0
DA:227,0
DA:228,0
DA:235,0
DA:237,0
DA:238,0
DA:240,0
DA:242,0
DA:243,0
DA:245,0
DA:246,0
DA:254,0
DA:255,0
DA:261,0
DA:268,0
DA:270,0
DA:271,0
DA:278,0
DA:280,0
DA:281,0
DA:282,0
DA:289,0
DA:291,0
DA:292,0
DA:299,0
DA:301,0
DA:302,0
DA:309,0
DA:311,0
DA:312,0
DA:313,0
DA:319,0
DA:321,0
DA:322,0
DA:323,0
DA:325,0
LF:107
LH:0
BRDA:17,0,0,0
BRDA:19,1,0,0
BRDA:19,1,1,0
BRDA:20,2,0,0
BRDA:20,2,1,0
BRDA:22,3,0,0
BRDA:22,3,1,0
BRDA:43,4,0,0
BRDA:43,4,1,0
BRDA:53,5,0,0
BRDA:53,5,1,0
BRDA:88,6,0,0
BRDA:88,6,1,0
BRDA:100,7,0,0
BRDA:100,7,1,0
BRDA:105,8,0,0
BRDA:105,8,1,0
BRDA:124,9,0,0
BRDA:124,9,1,0
BRDA:135,10,0,0
BRDA:135,10,1,0
BRDA:145,11,0,0
BRDA:145,11,1,0
BRDA:150,12,0,0
BRDA:150,12,1,0
BRDA:161,13,0,0
BRDA:161,13,1,0
BRDA:165,14,0,0
BRDA:165,14,1,0
BRDA:176,15,0,0
BRDA:176,15,1,0
BRDA:181,16,0,0
BRDA:181,16,1,0
BRDA:195,17,0,0
BRDA:195,17,1,0
BRDA:205,18,0,0
BRDA:205,18,1,0
BRDA:215,19,0,0
BRDA:215,19,1,0
BRDA:225,20,0,0
BRDA:225,20,1,0
BRDA:235,21,0,0
BRDA:235,21,1,0
BRDA:240,22,0,0
BRDA:240,22,1,0
BRDA:268,23,0,0
BRDA:268,23,1,0
BRDA:278,24,0,0
BRDA:278,24,1,0
BRDA:289,25,0,0
BRDA:289,25,1,0
BRDA:299,26,0,0
BRDA:299,26,1,0
BRDA:309,27,0,0
BRDA:309,27,1,0
BRDA:322,28,0,0
BRDA:322,28,1,0
BRF:57
BRH:0
end_of_record
TN:
SF:src/utils/response-builder.ts
FN:30,(anonymous_0)
FN:45,(anonymous_1)
FN:75,(anonymous_2)
FNF:3
FNH:0
FNDA:0,(anonymous_0)
FNDA:0,(anonymous_1)
FNDA:0,(anonymous_2)
DA:26,0
DA:31,0
DA:39,0
DA:46,0
DA:58,0
DA:59,0
DA:60,0
DA:61,0
DA:62,0
DA:63,0
DA:64,0
DA:65,0
DA:66,0
DA:69,0
DA:76,0
LF:15
LH:0
BRDA:30,0,0,0
BRDA:30,1,0,0
BRDA:36,2,0,0
BRDA:36,2,1,0
BRDA:51,3,0,0
BRDA:51,3,1,0
BRDA:59,4,0,0
BRDA:59,4,1,0
BRDA:61,5,0,0
BRDA:61,5,1,0
BRDA:63,6,0,0
BRDA:63,6,1,0
BRDA:63,7,0,0
BRDA:63,7,1,0
BRDA:65,8,0,0
BRDA:65,8,1,0
BRDA:65,9,0,0
BRDA:65,9,1,0
BRF:18
BRH:0
end_of_record
TN:
SF:src/utils/string-utils.ts
FN:7,generateRandomString
FN:25,truncateString
FN:37,slugify
FNF:3
FNH:0
FNDA:0,generateRandomString
FNDA:0,truncateString
FNDA:0,slugify
DA:7,0
DA:8,0
DA:9,0
DA:11,0
DA:12,0
DA:15,0
DA:25,0
DA:26,0
DA:27,0
DA:29,0
DA:37,0
DA:38,0
LF:12
LH:0
BRDA:7,0,0,0
BRDA:25,1,0,0
BRDA:26,2,0,0
BRDA:26,2,1,0
BRDA:27,3,0,0
BRDA:27,3,1,0
BRF:6
BRH:0
end_of_record
TN:
SF:src/utils/validation.ts
FN:28,(anonymous_0)
FN:46,(anonymous_1)
FN:141,(anonymous_2)
FN:198,(anonymous_3)
FN:207,(anonymous_4)
FN:215,(anonymous_5)
FN:223,(anonymous_6)
FNF:7
FNH:0
FNDA:0,(anonymous_0)
FNDA:0,(anonymous_1)
FNDA:0,(anonymous_2)
FNDA:0,(anonymous_3)
FNDA:0,(anonymous_4)
FNDA:0,(anonymous_5)
FNDA:0,(anonymous_6)
DA:2,0
DA:24,0
DA:29,0
DA:31,0
DA:32,0
DA:33,0
DA:34,0
DA:37,0
DA:47,0
DA:50,0
DA:51,0
DA:55,0
DA:59,0
DA:60,0
DA:64,0
DA:65,0
DA:66,0
DA:67,0
DA:72,0
DA:73,0
DA:74,0
DA:81,0
DA:82,0
DA:83,0
DA:91,0
DA:92,0
DA:93,0
DA:100,0
DA:101,0
DA:102,0
DA:110,0
DA:111,0
DA:112,0
DA:120,0
DA:121,0
DA:122,0
DA:123,0
DA:127,0
DA:128,0
DA:135,0
DA:142,0
DA:144,0
DA:145,0
DA:147,0
DA:150,0
DA:151,0
DA:153,0
DA:156,0
DA:157,0
DA:159,0
DA:162,0
DA:163,0
DA:165,0
DA:168,0
DA:169,0
DA:171,0
DA:174,0
DA:175,0
DA:177,0
DA:180,0
DA:181,0
DA:183,0
DA:186,0
DA:187,0
DA:189,0
DA:192,0
DA:199,0
DA:200,0
DA:201,0
DA:208,0
DA:209,0
DA:216,0
DA:217,0
DA:224,0
DA:235,0
LF:75
LH:0
BRDA:50,0,0,0
BRDA:50,0,1,0
BRDA:50,1,0,0
BRDA:50,1,1,0
BRDA:50,1,2,0
BRDA:50,1,3,0
BRDA:59,2,0,0
BRDA:59,2,1,0
BRDA:59,3,0,0
BRDA:59,3,1,0
BRDA:64,4,0,0
BRDA:64,4,1,0
BRDA:66,5,0,0
BRDA:66,5,1,0
BRDA:72,6,0,0
BRDA:72,6,1,0
BRDA:72,7,0,0
BRDA:72,7,1,0
BRDA:72,7,2,0
BRDA:73,8,0,0
BRDA:73,8,1,0
BRDA:81,9,0,0
BRDA:81,9,1,0
BRDA:81,10,0,0
BRDA:81,10,1,0
BRDA:81,10,2,0
BRDA:82,11,0,0
BRDA:82,11,1,0
BRDA:91,12,0,0
BRDA:91,12,1,0
BRDA:91,13,0,0
BRDA:91,13,1,0
BRDA:92,14,0,0
BRDA:92,14,1,0
BRDA:100,15,0,0
BRDA:100,15,1,0
BRDA:100,16,0,0
BRDA:100,16,1,0
BRDA:101,17,0,0
BRDA:101,17,1,0
BRDA:110,18,0,0
BRDA:110,18,1,0
BRDA:110,19,0,0
BRDA:110,19,1,0
BRDA:111,20,0,0
BRDA:111,20,1,0
BRDA:120,21,0,0
BRDA:120,21,1,0
BRDA:122,22,0,0
BRDA:122,22,1,0
BRDA:127,23,0,0
BRDA:127,23,1,0
BRDA:142,24,0,0
BRDA:142,24,1,0
BRDA:142,24,2,0
BRDA:142,24,3,0
BRDA:142,24,4,0
BRDA:142,24,5,0
BRDA:142,24,6,0
BRDA:142,24,7,0
BRDA:144,25,0,0
BRDA:144,25,1,0
BRDA:150,26,0,0
BRDA:150,26,1,0
BRDA:150,27,0,0
BRDA:150,27,1,0
BRDA:156,28,0,0
BRDA:156,28,1,0
BRDA:162,29,0,0
BRDA:162,29,1,0
BRDA:168,30,0,0
BRDA:168,30,1,0
BRDA:168,31,0,0
BRDA:168,31,1,0
BRDA:174,32,0,0
BRDA:174,32,1,0
BRDA:174,33,0,0
BRDA:174,33,1,0
BRDA:180,34,0,0
BRDA:180,34,1,0
BRDA:180,35,0,0
BRDA:180,35,1,0
BRDA:186,36,0,0
BRDA:186,36,1,0
BRDA:186,37,0,0
BRDA:186,37,1,0
BRDA:199,38,0,0
BRDA:199,38,1,0
BRF:88
BRH:0
end_of_record
TN:
SF:src/utils/zod-validator.ts
FN:13,(anonymous_0)
FN:22,(anonymous_1)
FN:47,(anonymous_2)
FN:60,(anonymous_3)
FN:75,(anonymous_4)
FN:88,(anonymous_5)
FN:89,(anonymous_6)
FNF:7
FNH:0
FNDA:0,(anonymous_0)
FNDA:0,(anonymous_1)
FNDA:0,(anonymous_2)
FNDA:0,(anonymous_3)
FNDA:0,(anonymous_4)
FNDA:0,(anonymous_5)
FNDA:0,(anonymous_6)
DA:1,0
DA:4,0
DA:9,0
DA:14,0
DA:15,0
DA:16,0
DA:21,0
DA:22,0
DA:27,0
DA:34,0
DA:52,0
DA:54,0
DA:55,0
DA:60,0
DA:65,0
DA:76,0
DA:89,0
DA:94,0
LF:18
LH:0
BRDA:21,0,0,0
BRDA:21,0,1,0
BRDA:54,1,0,0
BRDA:54,1,1,0
BRF:4
BRH:0
end_of_record
TN:
SF:src/websocket/client.ts
FN:21,(anonymous_0)
FN:38,(anonymous_1)
FN:68,(anonymous_2)
FN:78,(anonymous_3)
FN:85,(anonymous_4)
FN:88,(anonymous_5)
FN:93,(anonymous_6)
FN:98,(anonymous_7)
FN:103,(anonymous_8)
FN:109,(anonymous_9)
FN:114,(anonymous_10)
FN:122,(anonymous_11)
FN:132,(anonymous_12)
FN:142,(anonymous_13)
FN:145,(anonymous_14)
FN:158,(anonymous_15)
FN:175,(anonymous_16)
FN:188,(anonymous_17)
FN:195,(anonymous_18)
FN:202,(anonymous_19)
FN:214,(anonymous_20)
FN:224,(anonymous_21)
FN:234,(anonymous_22)
FN:244,(anonymous_23)
FNF:24
FNH:0
FNDA:0,(anonymous_0)
FNDA:0,(anonymous_1)
FNDA:0,(anonymous_2)
FNDA:0,(anonymous_3)
FNDA:0,(anonymous_4)
FNDA:0,(anonymous_5)
FNDA:0,(anonymous_6)
FNDA:0,(anonymous_7)
FNDA:0,(anonymous_8)
FNDA:0,(anonymous_9)
FNDA:0,(anonymous_10)
FNDA:0,(anonymous_11)
FNDA:0,(anonymous_12)
FNDA:0,(anonymous_13)
FNDA:0,(anonymous_14)
FNDA:0,(anonymous_15)
FNDA:0,(anonymous_16)
FNDA:0,(anonymous_17)
FNDA:0,(anonymous_18)
FNDA:0,(anonymous_19)
FNDA:0,(anonymous_20)
FNDA:0,(anonymous_21)
FNDA:0,(anonymous_22)
FNDA:0,(anonymous_23)
DA:1,0
DA:16,0
DA:17,0
DA:19,0
DA:22,0
DA:30,0
DA:31,0
DA:39,0
DA:41,0
DA:42,0
DA:45,0
DA:46,0
DA:49,0
DA:50,0
DA:53,0
DA:62,0
DA:69,0
DA:70,0
DA:71,0
DA:79,0
DA:86,0
DA:88,0
DA:89,0
DA:90,0
DA:93,0
DA:94,0
DA:95,0
DA:98,0
DA:99,0
DA:100,0
DA:103,0
DA:104,0
DA:105,0
DA:109,0
DA:110,0
DA:114,0
DA:115,0
DA:123,0
DA:124,0
DA:126,0
DA:133,0
DA:134,0
DA:135,0
DA:143,0
DA:144,0
DA:145,0
DA:146,0
DA:147,0
DA:149,0
DA:159,0
DA:160,0
DA:163,0
DA:169,0
DA:176,0
DA:182,0
DA:189,0
DA:196,0
DA:203,0
DA:210,0
DA:215,0
DA:225,0
DA:235,0
DA:245,0
LF:63
LH:0
BRDA:30,0,0,0
BRDA:30,0,1,0
BRDA:41,1,0,0
BRDA:41,1,1,0
BRDA:45,2,0,0
BRDA:45,2,1,0
BRDA:49,3,0,0
BRDA:49,3,1,0
BRDA:69,4,0,0
BRDA:69,4,1,0
BRDA:79,5,0,0
BRDA:79,5,1,0
BRDA:86,6,0,0
BRDA:86,6,1,0
BRDA:123,7,0,0
BRDA:123,7,1,0
BRDA:134,8,0,0
BRDA:134,8,1,0
BRDA:144,9,0,0
BRDA:144,9,1,0
BRDA:159,10,0,0
BRDA:159,10,1,0
BRDA:159,11,0,0
BRDA:159,11,1,0
BRF:24
BRH:0
end_of_record
TN:
SF:src/websocket/types.ts
FNF:0
FNH:0
DA:2,0
LF:1
LH:0
BRF:0
BRH:0
end_of_record
